-------------------------------------------------------------------------------
Test set: com.redhat.training.downloader.HttpRouteBuilderTest
-------------------------------------------------------------------------------
Tests run: 1, Failures: 0, Errors: 1, Skipped: 0, Time elapsed: 3.034 sec <<< FAILURE!
testFileRecievesContentFromHttpClient(com.redhat.training.downloader.HttpRouteBuilderTest)  Time elapsed: 0.003 sec  <<< ERROR!
org.apache.camel.spring.GenericBeansException: Error post processing bean: com.redhat.training.downloader.HttpRouteBuilderTest.ORIGINAL; nested exception is org.apache.camel.ResolveEndpointFailedException: Failed to resolve endpoint: http://my-external-service/greeting due to: No component found with scheme: http
	at org.apache.camel.spring.CamelBeanPostProcessor.postProcessBeforeInitialization(CamelBeanPostProcessor.java:160)
	at org.springframework.beans.factory.support.AbstractAutowireCapableBeanFactory.applyBeanPostProcessorsBeforeInitialization(AbstractAutowireCapableBeanFactory.java:415)
	at org.springframework.beans.factory.support.AbstractAutowireCapableBeanFactory.initializeBean(AbstractAutowireCapableBeanFactory.java:1791)
	at org.springframework.beans.factory.support.AbstractAutowireCapableBeanFactory.initializeBean(AbstractAutowireCapableBeanFactory.java:406)
	at org.springframework.test.context.support.DependencyInjectionTestExecutionListener.injectDependencies(DependencyInjectionTestExecutionListener.java:120)
	at org.springframework.test.context.support.DependencyInjectionTestExecutionListener.prepareTestInstance(DependencyInjectionTestExecutionListener.java:83)
	at org.springframework.boot.test.autoconfigure.SpringBootDependencyInjectionTestExecutionListener.prepareTestInstance(SpringBootDependencyInjectionTestExecutionListener.java:43)
	at org.springframework.test.context.TestContextManager.prepareTestInstance(TestContextManager.java:244)
	at org.springframework.test.context.junit4.SpringJUnit4ClassRunner.createTest(SpringJUnit4ClassRunner.java:227)
	at org.springframework.test.context.junit4.SpringJUnit4ClassRunner$1.runReflectiveCall(SpringJUnit4ClassRunner.java:289)
	at org.junit.internal.runners.model.ReflectiveCallable.run(ReflectiveCallable.java:12)
	at org.springframework.test.context.junit4.SpringJUnit4ClassRunner.methodBlock(SpringJUnit4ClassRunner.java:291)
	at org.springframework.test.context.junit4.SpringJUnit4ClassRunner.runChild(SpringJUnit4ClassRunner.java:246)
	at org.springframework.test.context.junit4.SpringJUnit4ClassRunner.runChild(SpringJUnit4ClassRunner.java:97)
	at org.junit.runners.ParentRunner$4.run(ParentRunner.java:331)
	at org.junit.runners.ParentRunner$1.schedule(ParentRunner.java:79)
	at org.junit.runners.ParentRunner.runChildren(ParentRunner.java:329)
	at org.junit.runners.ParentRunner.access$100(ParentRunner.java:66)
	at org.junit.runners.ParentRunner$2.evaluate(ParentRunner.java:293)
	at org.springframework.test.context.junit4.statements.RunBeforeTestClassCallbacks.evaluate(RunBeforeTestClassCallbacks.java:61)
	at org.springframework.test.context.junit4.statements.RunAfterTestClassCallbacks.evaluate(RunAfterTestClassCallbacks.java:70)
	at org.junit.runners.ParentRunner$3.evaluate(ParentRunner.java:306)
	at org.junit.runners.ParentRunner.run(ParentRunner.java:413)
	at org.springframework.test.context.junit4.SpringJUnit4ClassRunner.run(SpringJUnit4ClassRunner.java:190)
	at org.apache.maven.surefire.junit4.JUnit4Provider.execute(JUnit4Provider.java:252)
	at org.apache.maven.surefire.junit4.JUnit4Provider.executeTestSet(JUnit4Provider.java:141)
	at org.apache.maven.surefire.junit4.JUnit4Provider.invoke(JUnit4Provider.java:112)
	at java.base/jdk.internal.reflect.NativeMethodAccessorImpl.invoke0(Native Method)
	at java.base/jdk.internal.reflect.NativeMethodAccessorImpl.invoke(NativeMethodAccessorImpl.java:62)
	at java.base/jdk.internal.reflect.DelegatingMethodAccessorImpl.invoke(DelegatingMethodAccessorImpl.java:43)
	at java.base/java.lang.reflect.Method.invoke(Method.java:566)
	at org.apache.maven.surefire.util.ReflectionUtils.invokeMethodWithArray(ReflectionUtils.java:189)
	at org.apache.maven.surefire.booter.ProviderFactory$ProviderProxy.invoke(ProviderFactory.java:165)
	at org.apache.maven.surefire.booter.ProviderFactory.invokeProvider(ProviderFactory.java:85)
	at org.apache.maven.surefire.booter.ForkedBooter.runSuitesInProcess(ForkedBooter.java:115)
	at org.apache.maven.surefire.booter.ForkedBooter.main(ForkedBooter.java:75)
Caused by: org.apache.camel.ResolveEndpointFailedException: Failed to resolve endpoint: http://my-external-service/greeting due to: No component found with scheme: http
	at org.apache.camel.impl.DefaultCamelContext.getEndpoint(DefaultCamelContext.java:759)
	at org.apache.camel.util.CamelContextHelper.getEndpointInjection(CamelContextHelper.java:216)
	at org.apache.camel.impl.CamelPostProcessorHelper.doGetEndpointInjection(CamelPostProcessorHelper.java:169)
	at org.apache.camel.impl.CamelPostProcessorHelper.getEndpointInjection(CamelPostProcessorHelper.java:164)
	at org.apache.camel.impl.CamelPostProcessorHelper.getInjectionValue(CamelPostProcessorHelper.java:236)
	at org.apache.camel.impl.DefaultCamelBeanPostProcessor.injectField(DefaultCamelBeanPostProcessor.java:203)
	at org.apache.camel.impl.DefaultCamelBeanPostProcessor.injectField(DefaultCamelBeanPostProcessor.java:197)
	at org.apache.camel.impl.DefaultCamelBeanPostProcessor$1.doWith(DefaultCamelBeanPostProcessor.java:184)
	at org.apache.camel.util.ReflectionHelper.doWithFields(ReflectionHelper.java:74)
	at org.apache.camel.impl.DefaultCamelBeanPostProcessor.injectFields(DefaultCamelBeanPostProcessor.java:170)
	at org.apache.camel.impl.DefaultCamelBeanPostProcessor.postProcessBeforeInitialization(DefaultCamelBeanPostProcessor.java:83)
	at org.apache.camel.spring.CamelBeanPostProcessor.postProcessBeforeInitialization(CamelBeanPostProcessor.java:154)
	... 35 more

