<?xml version="1.0" encoding="UTF-8" ?>
<testsuite tests="1" failures="0" name="com.redhat.training.downloader.HttpRouteBuilderTest" time="0.003" errors="1" skipped="0">
  <properties>
[...]
</properties>
  <testcase classname="com.redhat.training.downloader.HttpRouteBuilderTest" name="testFileRecievesContentFromHttpClient" time="0.003">
    <error message="Error post processing bean: com.redhat.training.downloader.HttpRouteBuilderTest.ORIGINAL; nested exception is org.apache.camel.ResolveEndpointFailedException: Failed to resolve endpoint: http://my-external-service/greeting due to: No component found with scheme: http" type="org.apache.camel.spring.GenericBeansException">org.apache.camel.spring.GenericBeansException: Error post processing bean: com.redhat.training.downloader.HttpRouteBuilderTest.ORIGINAL; nested exception is org.apache.camel.ResolveEndpointFailedException: Failed to resolve endpoint: http://my-external-service/greeting due to: No component found with scheme: http
	at org.apache.camel.spring.CamelBeanPostProcessor.postProcessBeforeInitialization(CamelBeanPostProcessor.java:160)
	at org.springframework.beans.factory.support.AbstractAutowireCapableBeanFactory.applyBeanPostProcessorsBeforeInitialization(AbstractAutowireCapableBeanFactory.java:415)
	at org.springframework.beans.factory.support.AbstractAutowireCapableBeanFactory.initializeBean(AbstractAutowireCapableBeanFactory.java:1791)
	at org.springframework.beans.factory.support.AbstractAutowireCapableBeanFactory.initializeBean(AbstractAutowireCapableBeanFactory.java:406)
	at org.springframework.test.context.support.DependencyInjectionTestExecutionListener.injectDependencies(DependencyInjectionTestExecutionListener.java:120)
	at org.springframework.test.context.support.DependencyInjectionTestExecutionListener.prepareTestInstance(DependencyInjectionTestExecutionListener.java:83)
	at org.springframework.boot.test.autoconfigure.SpringBootDependencyInjectionTestExecutionListener.prepareTestInstance(SpringBootDependencyInjectionTestExecutionListener.java:43)
	at org.springframework.test.context.TestContextManager.prepareTestInstance(TestContextManager.java:244)
	at org.springframework.test.context.junit4.SpringJUnit4ClassRunner.createTest(SpringJUnit4ClassRunner.java:227)
	at org.springframework.test.context.junit4.SpringJUnit4ClassRunner$1.runReflectiveCall(SpringJUnit4ClassRunner.java:289)
	at org.junit.internal.runners.model.ReflectiveCallable.run(ReflectiveCallable.java:12)
	at org.springframework.test.context.junit4.SpringJUnit4ClassRunner.methodBlock(SpringJUnit4ClassRunner.java:291)
	at org.springframework.test.context.junit4.SpringJUnit4ClassRunner.runChild(SpringJUnit4ClassRunner.java:246)
	at org.springframework.test.context.junit4.SpringJUnit4ClassRunner.runChild(SpringJUnit4ClassRunner.java:97)
	at org.junit.runners.ParentRunner$4.run(ParentRunner.java:331)
	at org.junit.runners.ParentRunner$1.schedule(ParentRunner.java:79)
	at org.junit.runners.ParentRunner.runChildren(ParentRunner.java:329)
	at org.junit.runners.ParentRunner.access$100(ParentRunner.java:66)
	at org.junit.runners.ParentRunner$2.evaluate(ParentRunner.java:293)
	at org.springframework.test.context.junit4.statements.RunBeforeTestClassCallbacks.evaluate(RunBeforeTestClassCallbacks.java:61)
	at org.springframework.test.context.junit4.statements.RunAfterTestClassCallbacks.evaluate(RunAfterTestClassCallbacks.java:70)
	at org.junit.runners.ParentRunner$3.evaluate(ParentRunner.java:306)
	at org.junit.runners.ParentRunner.run(ParentRunner.java:413)
	at org.springframework.test.context.junit4.SpringJUnit4ClassRunner.run(SpringJUnit4ClassRunner.java:190)
	at org.apache.maven.surefire.junit4.JUnit4Provider.execute(JUnit4Provider.java:252)
	at org.apache.maven.surefire.junit4.JUnit4Provider.executeTestSet(JUnit4Provider.java:141)
	at org.apache.maven.surefire.junit4.JUnit4Provider.invoke(JUnit4Provider.java:112)
	at java.base/jdk.internal.reflect.NativeMethodAccessorImpl.invoke0(Native Method)
	at java.base/jdk.internal.reflect.NativeMethodAccessorImpl.invoke(NativeMethodAccessorImpl.java:62)
	at java.base/jdk.internal.reflect.DelegatingMethodAccessorImpl.invoke(DelegatingMethodAccessorImpl.java:43)
	at java.base/java.lang.reflect.Method.invoke(Method.java:566)
	at org.apache.maven.surefire.util.ReflectionUtils.invokeMethodWithArray(ReflectionUtils.java:189)
	at org.apache.maven.surefire.booter.ProviderFactory$ProviderProxy.invoke(ProviderFactory.java:165)
	at org.apache.maven.surefire.booter.ProviderFactory.invokeProvider(ProviderFactory.java:85)
	at org.apache.maven.surefire.booter.ForkedBooter.runSuitesInProcess(ForkedBooter.java:115)
	at org.apache.maven.surefire.booter.ForkedBooter.main(ForkedBooter.java:75)
Caused by: org.apache.camel.ResolveEndpointFailedException: Failed to resolve endpoint: http://my-external-service/greeting due to: No component found with scheme: http
	at org.apache.camel.impl.DefaultCamelContext.getEndpoint(DefaultCamelContext.java:759)
	at org.apache.camel.util.CamelContextHelper.getEndpointInjection(CamelContextHelper.java:216)
	at org.apache.camel.impl.CamelPostProcessorHelper.doGetEndpointInjection(CamelPostProcessorHelper.java:169)
	at org.apache.camel.impl.CamelPostProcessorHelper.getEndpointInjection(CamelPostProcessorHelper.java:164)
	at org.apache.camel.impl.CamelPostProcessorHelper.getInjectionValue(CamelPostProcessorHelper.java:236)
	at org.apache.camel.impl.DefaultCamelBeanPostProcessor.injectField(DefaultCamelBeanPostProcessor.java:203)
	at org.apache.camel.impl.DefaultCamelBeanPostProcessor.injectField(DefaultCamelBeanPostProcessor.java:197)
	at org.apache.camel.impl.DefaultCamelBeanPostProcessor$1.doWith(DefaultCamelBeanPostProcessor.java:184)
	at org.apache.camel.util.ReflectionHelper.doWithFields(ReflectionHelper.java:74)
	at org.apache.camel.impl.DefaultCamelBeanPostProcessor.injectFields(DefaultCamelBeanPostProcessor.java:170)
	at org.apache.camel.impl.DefaultCamelBeanPostProcessor.postProcessBeforeInitialization(DefaultCamelBeanPostProcessor.java:83)
	at org.apache.camel.spring.CamelBeanPostProcessor.postProcessBeforeInitialization(CamelBeanPostProcessor.java:154)
	... 35 more
</error>
    <system-out>10:57:02.019 [main] DEBUG org.springframework.test.context.junit4.SpringJUnit4ClassRunner - SpringJUnit4ClassRunner constructor called with [class com.redhat.training.downloader.HttpRouteBuilderTest]
10:57:02.033 [main] DEBUG org.springframework.test.context.BootstrapUtils - Instantiating CacheAwareContextLoaderDelegate from class [org.springframework.test.context.cache.DefaultCacheAwareContextLoaderDelegate]
10:57:02.040 [main] DEBUG org.springframework.test.context.BootstrapUtils - Instantiating BootstrapContext using constructor [public org.springframework.test.context.support.DefaultBootstrapContext(java.lang.Class,org.springframework.test.context.CacheAwareContextLoaderDelegate)]
10:57:02.101 [main] DEBUG org.springframework.test.context.BootstrapUtils - Instantiating TestContextBootstrapper for test class [com.redhat.training.downloader.HttpRouteBuilderTest] from class [org.springframework.boot.test.context.SpringBootTestContextBootstrapper]
10:57:02.117 [main] INFO org.springframework.boot.test.context.SpringBootTestContextBootstrapper - Neither @ContextConfiguration nor @ContextHierarchy found for test class [com.redhat.training.downloader.HttpRouteBuilderTest], using SpringBootContextLoader
10:57:02.121 [main] DEBUG org.springframework.test.context.support.AbstractContextLoader - Did not detect default resource location for test class [com.redhat.training.downloader.HttpRouteBuilderTest]: class path resource [com/redhat/training/downloader/HttpRouteBuilderTest-context.xml] does not exist
10:57:02.122 [main] DEBUG org.springframework.test.context.support.AbstractContextLoader - Did not detect default resource location for test class [com.redhat.training.downloader.HttpRouteBuilderTest]: class path resource [com/redhat/training/downloader/HttpRouteBuilderTestContext.groovy] does not exist
10:57:02.122 [main] INFO org.springframework.test.context.support.AbstractContextLoader - Could not detect default resource locations for test class [com.redhat.training.downloader.HttpRouteBuilderTest]: no resource found for suffixes {-context.xml, Context.groovy}.
10:57:02.123 [main] INFO org.springframework.test.context.support.AnnotationConfigContextLoaderUtils - Could not detect default configuration classes for test class [com.redhat.training.downloader.HttpRouteBuilderTest]: HttpRouteBuilderTest does not declare any static, non-private, non-final, nested classes annotated with @Configuration.
10:57:02.162 [main] DEBUG org.springframework.test.context.support.ActiveProfilesUtils - Could not find an &apos;annotation declaring class&apos; for annotation type [org.springframework.test.context.ActiveProfiles] and class [com.redhat.training.downloader.HttpRouteBuilderTest]
10:57:02.236 [main] DEBUG org.springframework.context.annotation.ClassPathScanningCandidateComponentProvider - Identified candidate component class: file [/home/student/AD221/test-mock/target/classes/com/redhat/training/downloader/Application.class]
10:57:02.237 [main] INFO org.springframework.boot.test.context.SpringBootTestContextBootstrapper - Found @SpringBootConfiguration com.redhat.training.downloader.Application for test class com.redhat.training.downloader.HttpRouteBuilderTest
10:57:02.419 [main] DEBUG org.springframework.boot.test.context.SpringBootTestContextBootstrapper - @TestExecutionListeners is not present for class [com.redhat.training.downloader.HttpRouteBuilderTest]: using defaults.
10:57:02.419 [main] INFO org.springframework.boot.test.context.SpringBootTestContextBootstrapper - Loaded default TestExecutionListener class names from location [META-INF/spring.factories]: [org.springframework.boot.test.mock.mockito.MockitoTestExecutionListener, org.springframework.boot.test.mock.mockito.ResetMocksTestExecutionListener, org.springframework.boot.test.autoconfigure.restdocs.RestDocsTestExecutionListener, org.springframework.boot.test.autoconfigure.web.client.MockRestServiceServerResetTestExecutionListener, org.springframework.boot.test.autoconfigure.web.servlet.MockMvcPrintOnlyOnFailureTestExecutionListener, org.springframework.boot.test.autoconfigure.web.servlet.WebDriverTestExecutionListener, org.springframework.boot.test.autoconfigure.webservices.client.MockWebServiceServerTestExecutionListener, org.springframework.test.context.web.ServletTestExecutionListener, org.springframework.test.context.support.DirtiesContextBeforeModesTestExecutionListener, org.springframework.test.context.support.DependencyInjectionTestExecutionListener, org.springframework.test.context.support.DirtiesContextTestExecutionListener, org.springframework.test.context.transaction.TransactionalTestExecutionListener, org.springframework.test.context.jdbc.SqlScriptsTestExecutionListener, org.springframework.test.context.event.EventPublishingTestExecutionListener]
10:57:02.426 [main] DEBUG org.springframework.boot.test.context.SpringBootTestContextBootstrapper - Skipping candidate TestExecutionListener [org.springframework.test.context.web.ServletTestExecutionListener] due to a missing dependency. Specify custom listener classes or make the default listener classes and their required dependencies available. Offending class: [org/springframework/web/context/request/RequestAttributes]
10:57:02.432 [main] INFO org.springframework.boot.test.context.SpringBootTestContextBootstrapper - Using TestExecutionListeners: [org.springframework.test.context.support.DirtiesContextBeforeModesTestExecutionListener@1e0b4072, org.springframework.boot.test.mock.mockito.MockitoTestExecutionListener@791f145a, org.springframework.boot.test.autoconfigure.SpringBootDependencyInjectionTestExecutionListener@38cee291, org.springframework.test.context.support.DirtiesContextTestExecutionListener@4b45a2f5, org.springframework.test.context.transaction.TransactionalTestExecutionListener@f09733f, org.springframework.test.context.jdbc.SqlScriptsTestExecutionListener@e350b40, org.springframework.test.context.event.EventPublishingTestExecutionListener@41a0aa7d, org.springframework.boot.test.mock.mockito.ResetMocksTestExecutionListener@2794eab6, org.springframework.boot.test.autoconfigure.restdocs.RestDocsTestExecutionListener@6340e5f0, org.springframework.boot.test.autoconfigure.web.client.MockRestServiceServerResetTestExecutionListener@45099dd3, org.springframework.boot.test.autoconfigure.web.servlet.MockMvcPrintOnlyOnFailureTestExecutionListener@13e344d, org.springframework.boot.test.autoconfigure.web.servlet.WebDriverTestExecutionListener@1ffaf86, org.springframework.boot.test.autoconfigure.webservices.client.MockWebServiceServerTestExecutionListener@6574a52c]
10:57:02.435 [main] DEBUG org.springframework.test.annotation.ProfileValueUtils - Retrieved @ProfileValueSourceConfiguration [null] for test class [com.redhat.training.downloader.HttpRouteBuilderTest]
10:57:02.436 [main] DEBUG org.springframework.test.annotation.ProfileValueUtils - Retrieved ProfileValueSource type [class org.springframework.test.annotation.SystemProfileValueSource] for class [com.redhat.training.downloader.HttpRouteBuilderTest]
10:57:02.437 [main] DEBUG org.springframework.test.annotation.ProfileValueUtils - Retrieved @ProfileValueSourceConfiguration [null] for test class [com.redhat.training.downloader.HttpRouteBuilderTest]
10:57:02.438 [main] DEBUG org.springframework.test.annotation.ProfileValueUtils - Retrieved ProfileValueSource type [class org.springframework.test.annotation.SystemProfileValueSource] for class [com.redhat.training.downloader.HttpRouteBuilderTest]
10:57:02.438 [main] DEBUG org.springframework.test.annotation.ProfileValueUtils - Retrieved @ProfileValueSourceConfiguration [null] for test class [com.redhat.training.downloader.HttpRouteBuilderTest]
10:57:02.438 [main] DEBUG org.springframework.test.annotation.ProfileValueUtils - Retrieved ProfileValueSource type [class org.springframework.test.annotation.SystemProfileValueSource] for class [com.redhat.training.downloader.HttpRouteBuilderTest]
10:57:02.438 [main] DEBUG org.springframework.test.annotation.ProfileValueUtils - Retrieved @ProfileValueSourceConfiguration [null] for test class [com.redhat.training.downloader.HttpRouteBuilderTest]
10:57:02.438 [main] DEBUG org.springframework.test.annotation.ProfileValueUtils - Retrieved ProfileValueSource type [class org.springframework.test.annotation.SystemProfileValueSource] for class [com.redhat.training.downloader.HttpRouteBuilderTest]
10:57:02.445 [main] DEBUG org.springframework.test.context.support.AbstractDirtiesContextTestExecutionListener - Before test class: context [DefaultTestContext@1cf6d1be testClass = HttpRouteBuilderTest, testInstance = [null], testMethod = [null], testException = [null], mergedContextConfiguration = [MergedContextConfiguration@663c9e7a testClass = HttpRouteBuilderTest, locations = &apos;{}&apos;, classes = &apos;{class com.redhat.training.downloader.Application}&apos;, contextInitializerClasses = &apos;[]&apos;, activeProfiles = &apos;{}&apos;, propertySourceLocations = &apos;{}&apos;, propertySourceProperties = &apos;{http_route.start=direct:start, http_route.server=http4://test-fake, org.springframework.boot.test.context.SpringBootTestContextBootstrapper=true}&apos;, contextCustomizers = set[org.springframework.boot.test.context.filter.ExcludeFilterContextCustomizer@7d3a22a9, org.springframework.boot.test.json.DuplicateJsonObjectContextCustomizerFactory$DuplicateJsonObjectContextCustomizer@6b19b79, org.springframework.boot.test.mock.mockito.MockitoContextCustomizer@0, org.springframework.boot.test.web.client.TestRestTemplateContextCustomizer@65d6b83b, org.springframework.boot.test.autoconfigure.properties.PropertyMappingContextCustomizer@0, org.springframework.boot.test.autoconfigure.web.servlet.WebDriverContextCustomizerFactory$Customizer@5276e6b0, org.springframework.boot.test.context.SpringBootTestArgs@1, org.springframework.boot.test.context.SpringBootTestWebEnvironment@51931956], contextLoader = &apos;org.springframework.boot.test.context.SpringBootContextLoader&apos;, parent = [null]], attributes = map[[empty]]], class annotated with @DirtiesContext [false] with mode [null].
10:57:02.447 [main] DEBUG org.springframework.test.annotation.ProfileValueUtils - Retrieved @ProfileValueSourceConfiguration [null] for test class [com.redhat.training.downloader.HttpRouteBuilderTest]
10:57:02.447 [main] DEBUG org.springframework.test.annotation.ProfileValueUtils - Retrieved ProfileValueSource type [class org.springframework.test.annotation.SystemProfileValueSource] for class [com.redhat.training.downloader.HttpRouteBuilderTest]
10:57:02.448 [main] INFO org.apache.camel.test.spring.CamelSpringBootExecutionListener - @RunWith(CamelSpringBootRunner.class) preparing: class com.redhat.training.downloader.HttpRouteBuilderTest
10:57:02.497 [main] DEBUG org.springframework.test.context.support.TestPropertySourceUtils - Adding inlined properties to environment: {spring.jmx.enabled=false, http_route.start=direct:start, http_route.server=http4://test-fake, org.springframework.boot.test.context.SpringBootTestContextBootstrapper=true}

  .   ____          _            __ _ _
 /\\ / ___&apos;_ __ _ _(_)_ __  __ _ \ \ \ \
( ( )\___ | &apos;_ | &apos;_| | &apos;_ \/ _` | \ \ \ \
 \\/  ___)| |_)| | | | | || (_| |  ) ) ) )
  &apos;  |____| .__|_| |_|_| |_\__, | / / / /
 =========|_|==============|___/=/_/_/_/
 :: Spring Boot ::       (v2.3.12.RELEASE)

2022-11-30 10:57:02.830  INFO 16927 --- [           main] c.r.t.downloader.HttpRouteBuilderTest    : Starting HttpRouteBuilderTest on workstation.lab.example.com with PID 16927 (started by student in /home/student/AD221/test-mock)
2022-11-30 10:57:02.831  INFO 16927 --- [           main] c.r.t.downloader.HttpRouteBuilderTest    : No active profile set, falling back to default profiles: default
2022-11-30 10:57:03.782  INFO 16927 --- [           main] trationDelegate$BeanPostProcessorChecker : Bean &apos;org.apache.camel.spring.boot.CamelAutoConfiguration&apos; of type [org.apache.camel.spring.boot.CamelAutoConfiguration$$EnhancerBySpringCGLIB$$25ea8798] is not eligible for getting processed by all BeanPostProcessors (for example: not eligible for auto-proxying)
2022-11-30 10:57:04.065  INFO 16927 --- [           main] o.a.c.i.converter.DefaultTypeConverter   : Type converters loaded (core: 195, classpath: 11)
2022-11-30 10:57:04.755  INFO 16927 --- [           main] o.a.camel.spring.boot.RoutesCollector    : Loading additional Camel XML routes from: classpath:camel/*.xml
2022-11-30 10:57:04.755  INFO 16927 --- [           main] o.a.camel.spring.boot.RoutesCollector    : Loading additional Camel XML rests from: classpath:camel-rest/*.xml
2022-11-30 10:57:04.770  INFO 16927 --- [           main] c.r.t.downloader.HttpRouteBuilderTest    : Started HttpRouteBuilderTest in 2.269 seconds (JVM running for 3.265)
2022-11-30 10:57:04.775  INFO 16927 --- [           main] o.a.c.t.spring.CamelAnnotationsHandler   : Setting shutdown timeout to [10 SECONDS] on CamelContext with name [camelContext].
2022-11-30 10:57:04.776  INFO 16927 --- [           main] o.a.c.t.spring.CamelAnnotationsHandler   : Enabling auto mocking and skipping of endpoints matching pattern [http.*|file:out.*] on CamelContext with name [camelContext].
2022-11-30 10:57:04.864 ERROR 16927 --- [           main] o.s.test.context.TestContextManager      : Caught exception while allowing TestExecutionListener [org.springframework.boot.test.autoconfigure.SpringBootDependencyInjectionTestExecutionListener@38cee291] to prepare test instance [com.redhat.training.downloader.HttpRouteBuilderTest@6f76c2cc]

org.apache.camel.spring.GenericBeansException: Error post processing bean: com.redhat.training.downloader.HttpRouteBuilderTest.ORIGINAL; nested exception is org.apache.camel.ResolveEndpointFailedException: Failed to resolve endpoint: http://my-external-service/greeting due to: No component found with scheme: http
	at org.apache.camel.spring.CamelBeanPostProcessor.postProcessBeforeInitialization(CamelBeanPostProcessor.java:160) ~[camel-spring-2.23.2.fuse-7_10_0-00020-redhat-00001.jar:2.23.2.fuse-7_10_0-00020-redhat-00001]
	at org.springframework.beans.factory.support.AbstractAutowireCapableBeanFactory.applyBeanPostProcessorsBeforeInitialization(AbstractAutowireCapableBeanFactory.java:415) ~[spring-beans-5.2.15.RELEASE.jar:5.2.15.RELEASE]
	at org.springframework.beans.factory.support.AbstractAutowireCapableBeanFactory.initializeBean(AbstractAutowireCapableBeanFactory.java:1791) ~[spring-beans-5.2.15.RELEASE.jar:5.2.15.RELEASE]
	at org.springframework.beans.factory.support.AbstractAutowireCapableBeanFactory.initializeBean(AbstractAutowireCapableBeanFactory.java:406) ~[spring-beans-5.2.15.RELEASE.jar:5.2.15.RELEASE]
	at org.springframework.test.context.support.DependencyInjectionTestExecutionListener.injectDependencies(DependencyInjectionTestExecutionListener.java:120) ~[spring-test-5.2.15.RELEASE.jar:5.2.15.RELEASE]
	at org.springframework.test.context.support.DependencyInjectionTestExecutionListener.prepareTestInstance(DependencyInjectionTestExecutionListener.java:83) ~[spring-test-5.2.15.RELEASE.jar:5.2.15.RELEASE]
	at org.springframework.boot.test.autoconfigure.SpringBootDependencyInjectionTestExecutionListener.prepareTestInstance(SpringBootDependencyInjectionTestExecutionListener.java:43) ~[spring-boot-test-autoconfigure-2.3.12.RELEASE.jar:2.3.12.RELEASE]
	at org.springframework.test.context.TestContextManager.prepareTestInstance(TestContextManager.java:244) ~[spring-test-5.2.15.RELEASE.jar:5.2.15.RELEASE]
	at org.springframework.test.context.junit4.SpringJUnit4ClassRunner.createTest(SpringJUnit4ClassRunner.java:227) ~[spring-test-5.2.15.RELEASE.jar:5.2.15.RELEASE]
	at org.springframework.test.context.junit4.SpringJUnit4ClassRunner$1.runReflectiveCall(SpringJUnit4ClassRunner.java:289) ~[spring-test-5.2.15.RELEASE.jar:5.2.15.RELEASE]
	at org.junit.internal.runners.model.ReflectiveCallable.run(ReflectiveCallable.java:12) ~[junit-4.13.2.jar:4.13.2]
	at org.springframework.test.context.junit4.SpringJUnit4ClassRunner.methodBlock(SpringJUnit4ClassRunner.java:291) ~[spring-test-5.2.15.RELEASE.jar:5.2.15.RELEASE]
	at org.springframework.test.context.junit4.SpringJUnit4ClassRunner.runChild(SpringJUnit4ClassRunner.java:246) ~[spring-test-5.2.15.RELEASE.jar:5.2.15.RELEASE]
	at org.springframework.test.context.junit4.SpringJUnit4ClassRunner.runChild(SpringJUnit4ClassRunner.java:97) ~[spring-test-5.2.15.RELEASE.jar:5.2.15.RELEASE]
	at org.junit.runners.ParentRunner$4.run(ParentRunner.java:331) ~[junit-4.13.2.jar:4.13.2]
	at org.junit.runners.ParentRunner$1.schedule(ParentRunner.java:79) ~[junit-4.13.2.jar:4.13.2]
	at org.junit.runners.ParentRunner.runChildren(ParentRunner.java:329) ~[junit-4.13.2.jar:4.13.2]
	at org.junit.runners.ParentRunner.access$100(ParentRunner.java:66) ~[junit-4.13.2.jar:4.13.2]
	at org.junit.runners.ParentRunner$2.evaluate(ParentRunner.java:293) ~[junit-4.13.2.jar:4.13.2]
	at org.springframework.test.context.junit4.statements.RunBeforeTestClassCallbacks.evaluate(RunBeforeTestClassCallbacks.java:61) ~[spring-test-5.2.15.RELEASE.jar:5.2.15.RELEASE]
	at org.springframework.test.context.junit4.statements.RunAfterTestClassCallbacks.evaluate(RunAfterTestClassCallbacks.java:70) ~[spring-test-5.2.15.RELEASE.jar:5.2.15.RELEASE]
	at org.junit.runners.ParentRunner$3.evaluate(ParentRunner.java:306) ~[junit-4.13.2.jar:4.13.2]
	at org.junit.runners.ParentRunner.run(ParentRunner.java:413) ~[junit-4.13.2.jar:4.13.2]
	at org.springframework.test.context.junit4.SpringJUnit4ClassRunner.run(SpringJUnit4ClassRunner.java:190) ~[spring-test-5.2.15.RELEASE.jar:5.2.15.RELEASE]
	at org.apache.maven.surefire.junit4.JUnit4Provider.execute(JUnit4Provider.java:252) ~[na:na]
	at org.apache.maven.surefire.junit4.JUnit4Provider.executeTestSet(JUnit4Provider.java:141) ~[na:na]
	at org.apache.maven.surefire.junit4.JUnit4Provider.invoke(JUnit4Provider.java:112) ~[na:na]
	at java.base/jdk.internal.reflect.NativeMethodAccessorImpl.invoke0(Native Method) ~[na:na]
	at java.base/jdk.internal.reflect.NativeMethodAccessorImpl.invoke(NativeMethodAccessorImpl.java:62) ~[na:na]
	at java.base/jdk.internal.reflect.DelegatingMethodAccessorImpl.invoke(DelegatingMethodAccessorImpl.java:43) ~[na:na]
	at java.base/java.lang.reflect.Method.invoke(Method.java:566) ~[na:na]
	at org.apache.maven.surefire.util.ReflectionUtils.invokeMethodWithArray(ReflectionUtils.java:189) ~[surefire-api-2.12.4.jar:2.12.4]
	at org.apache.maven.surefire.booter.ProviderFactory$ProviderProxy.invoke(ProviderFactory.java:165) ~[surefire-booter-2.12.4.jar:2.12.4]
	at org.apache.maven.surefire.booter.ProviderFactory.invokeProvider(ProviderFactory.java:85) ~[surefire-booter-2.12.4.jar:2.12.4]
	at org.apache.maven.surefire.booter.ForkedBooter.runSuitesInProcess(ForkedBooter.java:115) ~[surefire-booter-2.12.4.jar:2.12.4]
	at org.apache.maven.surefire.booter.ForkedBooter.main(ForkedBooter.java:75) ~[surefire-booter-2.12.4.jar:2.12.4]
Caused by: org.apache.camel.ResolveEndpointFailedException: Failed to resolve endpoint: http://my-external-service/greeting due to: No component found with scheme: http
	at org.apache.camel.impl.DefaultCamelContext.getEndpoint(DefaultCamelContext.java:759) ~[camel-core-2.23.2.fuse-7_10_0-00020-redhat-00001.jar:2.23.2.fuse-7_10_0-00020-redhat-00001]
	at org.apache.camel.util.CamelContextHelper.getEndpointInjection(CamelContextHelper.java:216) ~[camel-core-2.23.2.fuse-7_10_0-00020-redhat-00001.jar:2.23.2.fuse-7_10_0-00020-redhat-00001]
	at org.apache.camel.impl.CamelPostProcessorHelper.doGetEndpointInjection(CamelPostProcessorHelper.java:169) ~[camel-core-2.23.2.fuse-7_10_0-00020-redhat-00001.jar:2.23.2.fuse-7_10_0-00020-redhat-00001]
	at org.apache.camel.impl.CamelPostProcessorHelper.getEndpointInjection(CamelPostProcessorHelper.java:164) ~[camel-core-2.23.2.fuse-7_10_0-00020-redhat-00001.jar:2.23.2.fuse-7_10_0-00020-redhat-00001]
	at org.apache.camel.impl.CamelPostProcessorHelper.getInjectionValue(CamelPostProcessorHelper.java:236) ~[camel-core-2.23.2.fuse-7_10_0-00020-redhat-00001.jar:2.23.2.fuse-7_10_0-00020-redhat-00001]
	at org.apache.camel.impl.DefaultCamelBeanPostProcessor.injectField(DefaultCamelBeanPostProcessor.java:203) ~[camel-core-2.23.2.fuse-7_10_0-00020-redhat-00001.jar:2.23.2.fuse-7_10_0-00020-redhat-00001]
	at org.apache.camel.impl.DefaultCamelBeanPostProcessor.injectField(DefaultCamelBeanPostProcessor.java:197) ~[camel-core-2.23.2.fuse-7_10_0-00020-redhat-00001.jar:2.23.2.fuse-7_10_0-00020-redhat-00001]
	at org.apache.camel.impl.DefaultCamelBeanPostProcessor$1.doWith(DefaultCamelBeanPostProcessor.java:184) ~[camel-core-2.23.2.fuse-7_10_0-00020-redhat-00001.jar:2.23.2.fuse-7_10_0-00020-redhat-00001]
	at org.apache.camel.util.ReflectionHelper.doWithFields(ReflectionHelper.java:74) ~[camel-core-2.23.2.fuse-7_10_0-00020-redhat-00001.jar:2.23.2.fuse-7_10_0-00020-redhat-00001]
	at org.apache.camel.impl.DefaultCamelBeanPostProcessor.injectFields(DefaultCamelBeanPostProcessor.java:170) ~[camel-core-2.23.2.fuse-7_10_0-00020-redhat-00001.jar:2.23.2.fuse-7_10_0-00020-redhat-00001]
	at org.apache.camel.impl.DefaultCamelBeanPostProcessor.postProcessBeforeInitialization(DefaultCamelBeanPostProcessor.java:83) ~[camel-core-2.23.2.fuse-7_10_0-00020-redhat-00001.jar:2.23.2.fuse-7_10_0-00020-redhat-00001]
	at org.apache.camel.spring.CamelBeanPostProcessor.postProcessBeforeInitialization(CamelBeanPostProcessor.java:154) ~[camel-spring-2.23.2.fuse-7_10_0-00020-redhat-00001.jar:2.23.2.fuse-7_10_0-00020-redhat-00001]
	... 35 common frames omitted

</system-out>
    <system-err>


============================
CONDITIONS EVALUATION REPORT
============================


Positive matches:
-----------------

   AopAutoConfiguration matched:
      - @ConditionalOnProperty (spring.aop.auto=true) matched (OnPropertyCondition)

   AopAutoConfiguration.ClassProxyingConfiguration matched:
      - @ConditionalOnMissingClass did not find unwanted class &apos;org.aspectj.weaver.Advice&apos; (OnClassCondition)
      - @ConditionalOnProperty (spring.aop.proxy-target-class=true) matched (OnPropertyCondition)

   BeanComponentAutoConfiguration matched:
      - camel.component.bean enabled (BeanComponentAutoConfiguration.GroupConditions)
      - AllNestedConditions 2 matched 0 did not; NestedCondition on ConditionalOnCamelContextAndAutoConfigurationBeans.OnCamelAutoConfiguration @ConditionalOnBean (types: org.apache.camel.spring.boot.CamelAutoConfiguration; SearchStrategy: all) found bean &apos;org.apache.camel.spring.boot.CamelAutoConfiguration&apos;; NestedCondition on ConditionalOnCamelContextAndAutoConfigurationBeans.OnCamelContext @ConditionalOnBean (types: org.apache.camel.CamelContext; SearchStrategy: all) found bean &apos;camelContext&apos; (ConditionalOnCamelContextAndAutoConfigurationBeans)

   BeanComponentAutoConfiguration#configureBeanComponent matched:
      - @ConditionalOnMissingBean (types: org.apache.camel.component.bean.BeanComponent; SearchStrategy: all) did not find any beans (OnBeanCondition)

   BeanLanguageAutoConfiguration matched:
      - camel.component.bean enabled (BeanLanguageAutoConfiguration.GroupConditions)
      - AllNestedConditions 2 matched 0 did not; NestedCondition on ConditionalOnCamelContextAndAutoConfigurationBeans.OnCamelAutoConfiguration @ConditionalOnBean (types: org.apache.camel.spring.boot.CamelAutoConfiguration; SearchStrategy: all) found bean &apos;org.apache.camel.spring.boot.CamelAutoConfiguration&apos;; NestedCondition on ConditionalOnCamelContextAndAutoConfigurationBeans.OnCamelContext @ConditionalOnBean (types: org.apache.camel.CamelContext; SearchStrategy: all) found bean &apos;camelContext&apos; (ConditionalOnCamelContextAndAutoConfigurationBeans)

   BeanLanguageAutoConfiguration#configureBeanLanguage matched:
      - @ConditionalOnMissingBean (types: org.apache.camel.language.bean.BeanLanguage; SearchStrategy: all) did not find any beans (OnBeanCondition)

   BindingNameComponentAutoConfiguration matched:
      - camel.component.binding enabled (BindingNameComponentAutoConfiguration.GroupConditions)
      - AllNestedConditions 2 matched 0 did not; NestedCondition on ConditionalOnCamelContextAndAutoConfigurationBeans.OnCamelAutoConfiguration @ConditionalOnBean (types: org.apache.camel.spring.boot.CamelAutoConfiguration; SearchStrategy: all) found bean &apos;org.apache.camel.spring.boot.CamelAutoConfiguration&apos;; NestedCondition on ConditionalOnCamelContextAndAutoConfigurationBeans.OnCamelContext @ConditionalOnBean (types: org.apache.camel.CamelContext; SearchStrategy: all) found bean &apos;camelContext&apos; (ConditionalOnCamelContextAndAutoConfigurationBeans)

   BindingNameComponentAutoConfiguration#configureBindingNameComponent matched:
      - @ConditionalOnMissingBean (types: org.apache.camel.component.binding.BindingNameComponent; SearchStrategy: all) did not find any beans (OnBeanCondition)

   BrowseComponentAutoConfiguration matched:
      - camel.component.browse enabled (BrowseComponentAutoConfiguration.GroupConditions)
      - AllNestedConditions 2 matched 0 did not; NestedCondition on ConditionalOnCamelContextAndAutoConfigurationBeans.OnCamelAutoConfiguration @ConditionalOnBean (types: org.apache.camel.spring.boot.CamelAutoConfiguration; SearchStrategy: all) found bean &apos;org.apache.camel.spring.boot.CamelAutoConfiguration&apos;; NestedCondition on ConditionalOnCamelContextAndAutoConfigurationBeans.OnCamelContext @ConditionalOnBean (types: org.apache.camel.CamelContext; SearchStrategy: all) found bean &apos;camelContext&apos; (ConditionalOnCamelContextAndAutoConfigurationBeans)

   BrowseComponentAutoConfiguration#configureBrowseComponent matched:
      - @ConditionalOnMissingBean (types: org.apache.camel.component.browse.BrowseComponent; SearchStrategy: all) did not find any beans (OnBeanCondition)

   CamelAutoConfiguration#camelContext matched:
      - @ConditionalOnMissingBean (types: org.apache.camel.CamelContext; SearchStrategy: all) did not find any beans (OnBeanCondition)

   CamelAutoConfiguration#consumerTemplate matched:
      - @ConditionalOnMissingBean (types: org.apache.camel.ConsumerTemplate; SearchStrategy: all) did not find any beans (OnBeanCondition)

   CamelAutoConfiguration#fluentProducerTemplate matched:
      - @ConditionalOnMissingBean (types: org.apache.camel.FluentProducerTemplate; SearchStrategy: all) did not find any beans (OnBeanCondition)

   CamelAutoConfiguration#producerTemplate matched:
      - @ConditionalOnMissingBean (types: org.apache.camel.ProducerTemplate; SearchStrategy: all) did not find any beans (OnBeanCondition)

   CamelAutoConfiguration#propertiesParser matched:
      - @ConditionalOnMissingBean (types: org.apache.camel.component.properties.PropertiesParser; SearchStrategy: all) did not find any beans (OnBeanCondition)

   CamelAutoConfiguration#routesCollector matched:
      - @ConditionalOnMissingBean (types: org.apache.camel.spring.boot.RoutesCollector; SearchStrategy: all) did not find any beans (OnBeanCondition)

   CamelCloudAutoConfiguration matched:
      - @ConditionalOnProperty (camel.cloud.enabled) matched (OnPropertyCondition)
      - @ConditionalOnBean (types: org.apache.camel.spring.boot.CamelAutoConfiguration; SearchStrategy: all) found bean &apos;org.apache.camel.spring.boot.CamelAutoConfiguration&apos; (OnBeanCondition)

   CamelCloudServiceCallConfigurationAutoConfiguration matched:
      - camel.cloud.service-call enabled (CamelCloudServiceCallConfigurationAutoConfiguration.ServiceCallCondition)
      - @ConditionalOnBean (types: org.apache.camel.spring.boot.cloud.CamelCloudAutoConfiguration,org.apache.camel.CamelContext; SearchStrategy: all) found beans &apos;org.apache.camel.spring.boot.cloud.CamelCloudAutoConfiguration&apos;, &apos;camelContext&apos; (OnBeanCondition)

   CamelCloudServiceCallConfigurationAutoConfiguration#serviceCallConfiguration matched:
      - @ConditionalOnMissingBean (names: service-call-configuration; SearchStrategy: all) did not find any beans (OnBeanCondition)

   CamelCloudServiceChooserAutoConfiguration matched:
      - camel.cloud.service-chooser enabled (CamelCloudServiceChooserAutoConfiguration.ServiceChooserCondition)
      - @ConditionalOnBean (types: org.apache.camel.spring.boot.cloud.CamelCloudAutoConfiguration; SearchStrategy: all) found bean &apos;org.apache.camel.spring.boot.cloud.CamelCloudAutoConfiguration&apos; (OnBeanCondition)

   CamelCloudServiceDiscoveryAutoConfiguration matched:
      - camel.cloud.service-discovery enabled (CamelCloudServiceDiscoveryAutoConfiguration.Condition)
      - @ConditionalOnBean (types: org.apache.camel.spring.boot.cloud.CamelCloudAutoConfiguration; SearchStrategy: all) found bean &apos;org.apache.camel.spring.boot.cloud.CamelCloudAutoConfiguration&apos; (OnBeanCondition)

   CamelCloudServiceFilterAutoConfiguration matched:
      - camel.cloud.service-filter enabled (CamelCloudServiceFilterAutoConfiguration.Condition)
      - @ConditionalOnBean (types: org.apache.camel.spring.boot.cloud.CamelCloudAutoConfiguration; SearchStrategy: all) found bean &apos;org.apache.camel.spring.boot.cloud.CamelCloudAutoConfiguration&apos; (OnBeanCondition)

   CamelRouteControllerEndpointAutoConfiguration matched:
      - @ConditionalOnClass found required class &apos;org.apache.camel.spring.boot.actuate.endpoint.CamelRouteControllerEndpoint&apos; (OnClassCondition)
      - @ConditionalOnBean (types: org.apache.camel.spring.boot.CamelAutoConfiguration; SearchStrategy: all) found bean &apos;org.apache.camel.spring.boot.CamelAutoConfiguration&apos; (OnBeanCondition)

   CamelRoutesEndpointAutoConfiguration matched:
      - @ConditionalOnClass found required class &apos;org.apache.camel.spring.boot.actuate.endpoint.CamelRoutesEndpoint&apos; (OnClassCondition)
      - @ConditionalOnBean (types: org.apache.camel.spring.boot.CamelAutoConfiguration; SearchStrategy: all) found bean &apos;org.apache.camel.spring.boot.CamelAutoConfiguration&apos; (OnBeanCondition)

   ClassComponentAutoConfiguration matched:
      - camel.component.class enabled (ClassComponentAutoConfiguration.GroupConditions)
      - AllNestedConditions 2 matched 0 did not; NestedCondition on ConditionalOnCamelContextAndAutoConfigurationBeans.OnCamelAutoConfiguration @ConditionalOnBean (types: org.apache.camel.spring.boot.CamelAutoConfiguration; SearchStrategy: all) found bean &apos;org.apache.camel.spring.boot.CamelAutoConfiguration&apos;; NestedCondition on ConditionalOnCamelContextAndAutoConfigurationBeans.OnCamelContext @ConditionalOnBean (types: org.apache.camel.CamelContext; SearchStrategy: all) found bean &apos;camelContext&apos; (ConditionalOnCamelContextAndAutoConfigurationBeans)

   ClassComponentAutoConfiguration#configureClassComponent matched:
      - @ConditionalOnMissingBean (types: org.apache.camel.component.beanclass.ClassComponent; SearchStrategy: all) did not find any beans (OnBeanCondition)

   ConstantLanguageAutoConfiguration matched:
      - camel.component.constant enabled (ConstantLanguageAutoConfiguration.GroupConditions)
      - AllNestedConditions 2 matched 0 did not; NestedCondition on ConditionalOnCamelContextAndAutoConfigurationBeans.OnCamelAutoConfiguration @ConditionalOnBean (types: org.apache.camel.spring.boot.CamelAutoConfiguration; SearchStrategy: all) found bean &apos;org.apache.camel.spring.boot.CamelAutoConfiguration&apos;; NestedCondition on ConditionalOnCamelContextAndAutoConfigurationBeans.OnCamelContext @ConditionalOnBean (types: org.apache.camel.CamelContext; SearchStrategy: all) found bean &apos;camelContext&apos; (ConditionalOnCamelContextAndAutoConfigurationBeans)

   ConstantLanguageAutoConfiguration#configureConstantLanguage matched:
      - @ConditionalOnMissingBean (types: org.apache.camel.language.constant.ConstantLanguage; SearchStrategy: all) did not find any beans (OnBeanCondition)

   ControlBusComponentAutoConfiguration matched:
      - camel.component.controlbus enabled (ControlBusComponentAutoConfiguration.GroupConditions)
      - AllNestedConditions 2 matched 0 did not; NestedCondition on ConditionalOnCamelContextAndAutoConfigurationBeans.OnCamelAutoConfiguration @ConditionalOnBean (types: org.apache.camel.spring.boot.CamelAutoConfiguration; SearchStrategy: all) found bean &apos;org.apache.camel.spring.boot.CamelAutoConfiguration&apos;; NestedCondition on ConditionalOnCamelContextAndAutoConfigurationBeans.OnCamelContext @ConditionalOnBean (types: org.apache.camel.CamelContext; SearchStrategy: all) found bean &apos;camelContext&apos; (ConditionalOnCamelContextAndAutoConfigurationBeans)

   ControlBusComponentAutoConfiguration#configureControlBusComponent matched:
      - @ConditionalOnMissingBean (types: org.apache.camel.component.controlbus.ControlBusComponent; SearchStrategy: all) did not find any beans (OnBeanCondition)

   DataFormatComponentAutoConfiguration matched:
      - camel.component.dataformat enabled (DataFormatComponentAutoConfiguration.GroupConditions)
      - AllNestedConditions 2 matched 0 did not; NestedCondition on ConditionalOnCamelContextAndAutoConfigurationBeans.OnCamelAutoConfiguration @ConditionalOnBean (types: org.apache.camel.spring.boot.CamelAutoConfiguration; SearchStrategy: all) found bean &apos;org.apache.camel.spring.boot.CamelAutoConfiguration&apos;; NestedCondition on ConditionalOnCamelContextAndAutoConfigurationBeans.OnCamelContext @ConditionalOnBean (types: org.apache.camel.CamelContext; SearchStrategy: all) found bean &apos;camelContext&apos; (ConditionalOnCamelContextAndAutoConfigurationBeans)

   DataFormatComponentAutoConfiguration#configureDataFormatComponent matched:
      - @ConditionalOnMissingBean (types: org.apache.camel.component.dataformat.DataFormatComponent; SearchStrategy: all) did not find any beans (OnBeanCondition)

   DataSetComponentAutoConfiguration matched:
      - camel.component.dataset enabled (DataSetComponentAutoConfiguration.GroupConditions)
      - AllNestedConditions 2 matched 0 did not; NestedCondition on ConditionalOnCamelContextAndAutoConfigurationBeans.OnCamelAutoConfiguration @ConditionalOnBean (types: org.apache.camel.spring.boot.CamelAutoConfiguration; SearchStrategy: all) found bean &apos;org.apache.camel.spring.boot.CamelAutoConfiguration&apos;; NestedCondition on ConditionalOnCamelContextAndAutoConfigurationBeans.OnCamelContext @ConditionalOnBean (types: org.apache.camel.CamelContext; SearchStrategy: all) found bean &apos;camelContext&apos; (ConditionalOnCamelContextAndAutoConfigurationBeans)

   DataSetComponentAutoConfiguration#configureDataSetComponent matched:
      - @ConditionalOnMissingBean (types: org.apache.camel.component.dataset.DataSetComponent; SearchStrategy: all) did not find any beans (OnBeanCondition)

   DirectComponentAutoConfiguration matched:
      - camel.component.direct enabled (DirectComponentAutoConfiguration.GroupConditions)
      - AllNestedConditions 2 matched 0 did not; NestedCondition on ConditionalOnCamelContextAndAutoConfigurationBeans.OnCamelAutoConfiguration @ConditionalOnBean (types: org.apache.camel.spring.boot.CamelAutoConfiguration; SearchStrategy: all) found bean &apos;org.apache.camel.spring.boot.CamelAutoConfiguration&apos;; NestedCondition on ConditionalOnCamelContextAndAutoConfigurationBeans.OnCamelContext @ConditionalOnBean (types: org.apache.camel.CamelContext; SearchStrategy: all) found bean &apos;camelContext&apos; (ConditionalOnCamelContextAndAutoConfigurationBeans)

   DirectComponentAutoConfiguration#configureDirectComponent matched:
      - @ConditionalOnMissingBean (types: org.apache.camel.component.direct.DirectComponent; SearchStrategy: all) did not find any beans (OnBeanCondition)

   DirectVmComponentAutoConfiguration matched:
      - camel.component.direct-vm enabled (DirectVmComponentAutoConfiguration.GroupConditions)
      - AllNestedConditions 2 matched 0 did not; NestedCondition on ConditionalOnCamelContextAndAutoConfigurationBeans.OnCamelAutoConfiguration @ConditionalOnBean (types: org.apache.camel.spring.boot.CamelAutoConfiguration; SearchStrategy: all) found bean &apos;org.apache.camel.spring.boot.CamelAutoConfiguration&apos;; NestedCondition on ConditionalOnCamelContextAndAutoConfigurationBeans.OnCamelContext @ConditionalOnBean (types: org.apache.camel.CamelContext; SearchStrategy: all) found bean &apos;camelContext&apos; (ConditionalOnCamelContextAndAutoConfigurationBeans)

   DirectVmComponentAutoConfiguration#configureDirectVmComponent matched:
      - @ConditionalOnMissingBean (types: org.apache.camel.component.directvm.DirectVmComponent; SearchStrategy: all) did not find any beans (OnBeanCondition)

   ExchangePropertyLanguageAutoConfiguration matched:
      - camel.component.exchangeproperty enabled (ExchangePropertyLanguageAutoConfiguration.GroupConditions)
      - AllNestedConditions 2 matched 0 did not; NestedCondition on ConditionalOnCamelContextAndAutoConfigurationBeans.OnCamelAutoConfiguration @ConditionalOnBean (types: org.apache.camel.spring.boot.CamelAutoConfiguration; SearchStrategy: all) found bean &apos;org.apache.camel.spring.boot.CamelAutoConfiguration&apos;; NestedCondition on ConditionalOnCamelContextAndAutoConfigurationBeans.OnCamelContext @ConditionalOnBean (types: org.apache.camel.CamelContext; SearchStrategy: all) found bean &apos;camelContext&apos; (ConditionalOnCamelContextAndAutoConfigurationBeans)

   ExchangePropertyLanguageAutoConfiguration#configureExchangePropertyLanguage matched:
      - @ConditionalOnMissingBean (types: org.apache.camel.language.property.ExchangePropertyLanguage; SearchStrategy: all) did not find any beans (OnBeanCondition)

   FileComponentAutoConfiguration matched:
      - camel.component.file enabled (FileComponentAutoConfiguration.GroupConditions)
      - AllNestedConditions 2 matched 0 did not; NestedCondition on ConditionalOnCamelContextAndAutoConfigurationBeans.OnCamelAutoConfiguration @ConditionalOnBean (types: org.apache.camel.spring.boot.CamelAutoConfiguration; SearchStrategy: all) found bean &apos;org.apache.camel.spring.boot.CamelAutoConfiguration&apos;; NestedCondition on ConditionalOnCamelContextAndAutoConfigurationBeans.OnCamelContext @ConditionalOnBean (types: org.apache.camel.CamelContext; SearchStrategy: all) found bean &apos;camelContext&apos; (ConditionalOnCamelContextAndAutoConfigurationBeans)

   FileComponentAutoConfiguration#configureFileComponent matched:
      - @ConditionalOnMissingBean (types: org.apache.camel.component.file.FileComponent; SearchStrategy: all) did not find any beans (OnBeanCondition)

   FileLanguageAutoConfiguration matched:
      - camel.component.file enabled (FileLanguageAutoConfiguration.GroupConditions)
      - AllNestedConditions 2 matched 0 did not; NestedCondition on ConditionalOnCamelContextAndAutoConfigurationBeans.OnCamelAutoConfiguration @ConditionalOnBean (types: org.apache.camel.spring.boot.CamelAutoConfiguration; SearchStrategy: all) found bean &apos;org.apache.camel.spring.boot.CamelAutoConfiguration&apos;; NestedCondition on ConditionalOnCamelContextAndAutoConfigurationBeans.OnCamelContext @ConditionalOnBean (types: org.apache.camel.CamelContext; SearchStrategy: all) found bean &apos;camelContext&apos; (ConditionalOnCamelContextAndAutoConfigurationBeans)

   FileLanguageAutoConfiguration#configureFileLanguage matched:
      - @ConditionalOnMissingBean (types: org.apache.camel.language.simple.FileLanguage; SearchStrategy: all) did not find any beans (OnBeanCondition)

   GenericCacheConfiguration matched:
      - Cache org.springframework.boot.autoconfigure.cache.GenericCacheConfiguration automatic cache type (CacheCondition)

   GzipDataFormatAutoConfiguration matched:
      - camel.dataformat.gzip enabled (GzipDataFormatAutoConfiguration.GroupConditions)
      - AllNestedConditions 2 matched 0 did not; NestedCondition on ConditionalOnCamelContextAndAutoConfigurationBeans.OnCamelAutoConfiguration @ConditionalOnBean (types: org.apache.camel.spring.boot.CamelAutoConfiguration; SearchStrategy: all) found bean &apos;org.apache.camel.spring.boot.CamelAutoConfiguration&apos;; NestedCondition on ConditionalOnCamelContextAndAutoConfigurationBeans.OnCamelContext @ConditionalOnBean (types: org.apache.camel.CamelContext; SearchStrategy: all) found bean &apos;camelContext&apos; (ConditionalOnCamelContextAndAutoConfigurationBeans)

   GzipDataFormatAutoConfiguration#configureGzipDataFormatFactory matched:
      - @ConditionalOnMissingBean (types: org.apache.camel.impl.GzipDataFormat; SearchStrategy: all) did not find any beans (OnBeanCondition)

   HeaderLanguageAutoConfiguration matched:
      - camel.component.header enabled (HeaderLanguageAutoConfiguration.GroupConditions)
      - AllNestedConditions 2 matched 0 did not; NestedCondition on ConditionalOnCamelContextAndAutoConfigurationBeans.OnCamelAutoConfiguration @ConditionalOnBean (types: org.apache.camel.spring.boot.CamelAutoConfiguration; SearchStrategy: all) found bean &apos;org.apache.camel.spring.boot.CamelAutoConfiguration&apos;; NestedCondition on ConditionalOnCamelContextAndAutoConfigurationBeans.OnCamelContext @ConditionalOnBean (types: org.apache.camel.CamelContext; SearchStrategy: all) found bean &apos;camelContext&apos; (ConditionalOnCamelContextAndAutoConfigurationBeans)

   HeaderLanguageAutoConfiguration#configureHeaderLanguage matched:
      - @ConditionalOnMissingBean (types: org.apache.camel.language.header.HeaderLanguage; SearchStrategy: all) did not find any beans (OnBeanCondition)

   LanguageComponentAutoConfiguration matched:
      - camel.component.language enabled (LanguageComponentAutoConfiguration.GroupConditions)
      - AllNestedConditions 2 matched 0 did not; NestedCondition on ConditionalOnCamelContextAndAutoConfigurationBeans.OnCamelAutoConfiguration @ConditionalOnBean (types: org.apache.camel.spring.boot.CamelAutoConfiguration; SearchStrategy: all) found bean &apos;org.apache.camel.spring.boot.CamelAutoConfiguration&apos;; NestedCondition on ConditionalOnCamelContextAndAutoConfigurationBeans.OnCamelContext @ConditionalOnBean (types: org.apache.camel.CamelContext; SearchStrategy: all) found bean &apos;camelContext&apos; (ConditionalOnCamelContextAndAutoConfigurationBeans)

   LanguageComponentAutoConfiguration#configureLanguageComponent matched:
      - @ConditionalOnMissingBean (types: org.apache.camel.component.language.LanguageComponent; SearchStrategy: all) did not find any beans (OnBeanCondition)

   LifecycleAutoConfiguration#defaultLifecycleProcessor matched:
      - @ConditionalOnMissingBean (names: lifecycleProcessor; SearchStrategy: current) did not find any beans (OnBeanCondition)

   LogComponentAutoConfiguration matched:
      - camel.component.log enabled (LogComponentAutoConfiguration.GroupConditions)
      - AllNestedConditions 2 matched 0 did not; NestedCondition on ConditionalOnCamelContextAndAutoConfigurationBeans.OnCamelAutoConfiguration @ConditionalOnBean (types: org.apache.camel.spring.boot.CamelAutoConfiguration; SearchStrategy: all) found bean &apos;org.apache.camel.spring.boot.CamelAutoConfiguration&apos;; NestedCondition on ConditionalOnCamelContextAndAutoConfigurationBeans.OnCamelContext @ConditionalOnBean (types: org.apache.camel.CamelContext; SearchStrategy: all) found bean &apos;camelContext&apos; (ConditionalOnCamelContextAndAutoConfigurationBeans)

   LogComponentAutoConfiguration#configureLogComponent matched:
      - @ConditionalOnMissingBean (types: org.apache.camel.component.log.LogComponent; SearchStrategy: all) did not find any beans (OnBeanCondition)

   MockComponentAutoConfiguration matched:
      - camel.component.mock enabled (MockComponentAutoConfiguration.GroupConditions)
      - AllNestedConditions 2 matched 0 did not; NestedCondition on ConditionalOnCamelContextAndAutoConfigurationBeans.OnCamelAutoConfiguration @ConditionalOnBean (types: org.apache.camel.spring.boot.CamelAutoConfiguration; SearchStrategy: all) found bean &apos;org.apache.camel.spring.boot.CamelAutoConfiguration&apos;; NestedCondition on ConditionalOnCamelContextAndAutoConfigurationBeans.OnCamelContext @ConditionalOnBean (types: org.apache.camel.CamelContext; SearchStrategy: all) found bean &apos;camelContext&apos; (ConditionalOnCamelContextAndAutoConfigurationBeans)

   MockComponentAutoConfiguration#configureMockComponent matched:
      - @ConditionalOnMissingBean (types: org.apache.camel.component.mock.MockComponent; SearchStrategy: all) did not find any beans (OnBeanCondition)

   NoOpCacheConfiguration matched:
      - Cache org.springframework.boot.autoconfigure.cache.NoOpCacheConfiguration automatic cache type (CacheCondition)

   PersistenceExceptionTranslationAutoConfiguration matched:
      - @ConditionalOnClass found required class &apos;org.springframework.dao.annotation.PersistenceExceptionTranslationPostProcessor&apos; (OnClassCondition)

   PersistenceExceptionTranslationAutoConfiguration#persistenceExceptionTranslationPostProcessor matched:
      - @ConditionalOnProperty (spring.dao.exceptiontranslation.enabled) matched (OnPropertyCondition)
      - @ConditionalOnMissingBean (types: org.springframework.dao.annotation.PersistenceExceptionTranslationPostProcessor; SearchStrategy: all) did not find any beans (OnBeanCondition)

   PropertiesComponentAutoConfiguration matched:
      - camel.component.properties enabled (PropertiesComponentAutoConfiguration.GroupConditions)
      - AllNestedConditions 2 matched 0 did not; NestedCondition on ConditionalOnCamelContextAndAutoConfigurationBeans.OnCamelAutoConfiguration @ConditionalOnBean (types: org.apache.camel.spring.boot.CamelAutoConfiguration; SearchStrategy: all) found bean &apos;org.apache.camel.spring.boot.CamelAutoConfiguration&apos;; NestedCondition on ConditionalOnCamelContextAndAutoConfigurationBeans.OnCamelContext @ConditionalOnBean (types: org.apache.camel.CamelContext; SearchStrategy: all) found bean &apos;camelContext&apos; (ConditionalOnCamelContextAndAutoConfigurationBeans)

   PropertyPlaceholderAutoConfiguration#propertySourcesPlaceholderConfigurer matched:
      - @ConditionalOnMissingBean (types: org.springframework.context.support.PropertySourcesPlaceholderConfigurer; SearchStrategy: current) did not find any beans (OnBeanCondition)

   RefComponentAutoConfiguration matched:
      - camel.component.ref enabled (RefComponentAutoConfiguration.GroupConditions)
      - AllNestedConditions 2 matched 0 did not; NestedCondition on ConditionalOnCamelContextAndAutoConfigurationBeans.OnCamelAutoConfiguration @ConditionalOnBean (types: org.apache.camel.spring.boot.CamelAutoConfiguration; SearchStrategy: all) found bean &apos;org.apache.camel.spring.boot.CamelAutoConfiguration&apos;; NestedCondition on ConditionalOnCamelContextAndAutoConfigurationBeans.OnCamelContext @ConditionalOnBean (types: org.apache.camel.CamelContext; SearchStrategy: all) found bean &apos;camelContext&apos; (ConditionalOnCamelContextAndAutoConfigurationBeans)

   RefComponentAutoConfiguration#configureRefComponent matched:
      - @ConditionalOnMissingBean (types: org.apache.camel.component.ref.RefComponent; SearchStrategy: all) did not find any beans (OnBeanCondition)

   RefLanguageAutoConfiguration matched:
      - camel.component.ref enabled (RefLanguageAutoConfiguration.GroupConditions)
      - AllNestedConditions 2 matched 0 did not; NestedCondition on ConditionalOnCamelContextAndAutoConfigurationBeans.OnCamelAutoConfiguration @ConditionalOnBean (types: org.apache.camel.spring.boot.CamelAutoConfiguration; SearchStrategy: all) found bean &apos;org.apache.camel.spring.boot.CamelAutoConfiguration&apos;; NestedCondition on ConditionalOnCamelContextAndAutoConfigurationBeans.OnCamelContext @ConditionalOnBean (types: org.apache.camel.CamelContext; SearchStrategy: all) found bean &apos;camelContext&apos; (ConditionalOnCamelContextAndAutoConfigurationBeans)

   RefLanguageAutoConfiguration#configureRefLanguage matched:
      - @ConditionalOnMissingBean (types: org.apache.camel.language.ref.RefLanguage; SearchStrategy: all) did not find any beans (OnBeanCondition)

   RestApiComponentAutoConfiguration matched:
      - camel.component.rest-api enabled (RestApiComponentAutoConfiguration.GroupConditions)
      - AllNestedConditions 2 matched 0 did not; NestedCondition on ConditionalOnCamelContextAndAutoConfigurationBeans.OnCamelAutoConfiguration @ConditionalOnBean (types: org.apache.camel.spring.boot.CamelAutoConfiguration; SearchStrategy: all) found bean &apos;org.apache.camel.spring.boot.CamelAutoConfiguration&apos;; NestedCondition on ConditionalOnCamelContextAndAutoConfigurationBeans.OnCamelContext @ConditionalOnBean (types: org.apache.camel.CamelContext; SearchStrategy: all) found bean &apos;camelContext&apos; (ConditionalOnCamelContextAndAutoConfigurationBeans)

   RestApiComponentAutoConfiguration#configureRestApiComponent matched:
      - @ConditionalOnMissingBean (types: org.apache.camel.component.rest.RestApiComponent; SearchStrategy: all) did not find any beans (OnBeanCondition)

   RestComponentAutoConfiguration matched:
      - camel.component.rest enabled (RestComponentAutoConfiguration.GroupConditions)
      - AllNestedConditions 2 matched 0 did not; NestedCondition on ConditionalOnCamelContextAndAutoConfigurationBeans.OnCamelAutoConfiguration @ConditionalOnBean (types: org.apache.camel.spring.boot.CamelAutoConfiguration; SearchStrategy: all) found bean &apos;org.apache.camel.spring.boot.CamelAutoConfiguration&apos;; NestedCondition on ConditionalOnCamelContextAndAutoConfigurationBeans.OnCamelContext @ConditionalOnBean (types: org.apache.camel.CamelContext; SearchStrategy: all) found bean &apos;camelContext&apos; (ConditionalOnCamelContextAndAutoConfigurationBeans)

   RestComponentAutoConfiguration#configureRestComponent matched:
      - @ConditionalOnMissingBean (types: org.apache.camel.component.rest.RestComponent; SearchStrategy: all) did not find any beans (OnBeanCondition)

   RestConfigurationDefinitionAutoConfiguration matched:
      - @ConditionalOnProperty (camel.rest.enabled) matched (OnPropertyCondition)
      - @ConditionalOnBean (types: org.apache.camel.spring.boot.CamelAutoConfiguration; SearchStrategy: all) found bean &apos;org.apache.camel.spring.boot.CamelAutoConfiguration&apos; (OnBeanCondition)

   RestConfigurationDefinitionAutoConfiguration#configureRestConfigurationDefinition matched:
      - @ConditionalOnClass found required class &apos;org.apache.camel.CamelContext&apos; (OnClassCondition)
      - @ConditionalOnMissingBean (types: org.apache.camel.spi.RestConfiguration; SearchStrategy: all) did not find any beans (OnBeanCondition)

   SagaComponentAutoConfiguration matched:
      - camel.component.saga enabled (SagaComponentAutoConfiguration.GroupConditions)
      - AllNestedConditions 2 matched 0 did not; NestedCondition on ConditionalOnCamelContextAndAutoConfigurationBeans.OnCamelAutoConfiguration @ConditionalOnBean (types: org.apache.camel.spring.boot.CamelAutoConfiguration; SearchStrategy: all) found bean &apos;org.apache.camel.spring.boot.CamelAutoConfiguration&apos;; NestedCondition on ConditionalOnCamelContextAndAutoConfigurationBeans.OnCamelContext @ConditionalOnBean (types: org.apache.camel.CamelContext; SearchStrategy: all) found bean &apos;camelContext&apos; (ConditionalOnCamelContextAndAutoConfigurationBeans)

   SagaComponentAutoConfiguration#configureSagaComponent matched:
      - @ConditionalOnMissingBean (types: org.apache.camel.component.saga.SagaComponent; SearchStrategy: all) did not find any beans (OnBeanCondition)

   SchedulerComponentAutoConfiguration matched:
      - camel.component.scheduler enabled (SchedulerComponentAutoConfiguration.GroupConditions)
      - AllNestedConditions 2 matched 0 did not; NestedCondition on ConditionalOnCamelContextAndAutoConfigurationBeans.OnCamelAutoConfiguration @ConditionalOnBean (types: org.apache.camel.spring.boot.CamelAutoConfiguration; SearchStrategy: all) found bean &apos;org.apache.camel.spring.boot.CamelAutoConfiguration&apos;; NestedCondition on ConditionalOnCamelContextAndAutoConfigurationBeans.OnCamelContext @ConditionalOnBean (types: org.apache.camel.CamelContext; SearchStrategy: all) found bean &apos;camelContext&apos; (ConditionalOnCamelContextAndAutoConfigurationBeans)

   SchedulerComponentAutoConfiguration#configureSchedulerComponent matched:
      - @ConditionalOnMissingBean (types: org.apache.camel.component.scheduler.SchedulerComponent; SearchStrategy: all) did not find any beans (OnBeanCondition)

   SedaComponentAutoConfiguration matched:
      - camel.component.seda enabled (SedaComponentAutoConfiguration.GroupConditions)
      - AllNestedConditions 2 matched 0 did not; NestedCondition on ConditionalOnCamelContextAndAutoConfigurationBeans.OnCamelAutoConfiguration @ConditionalOnBean (types: org.apache.camel.spring.boot.CamelAutoConfiguration; SearchStrategy: all) found bean &apos;org.apache.camel.spring.boot.CamelAutoConfiguration&apos;; NestedCondition on ConditionalOnCamelContextAndAutoConfigurationBeans.OnCamelContext @ConditionalOnBean (types: org.apache.camel.CamelContext; SearchStrategy: all) found bean &apos;camelContext&apos; (ConditionalOnCamelContextAndAutoConfigurationBeans)

   SedaComponentAutoConfiguration#configureSedaComponent matched:
      - @ConditionalOnMissingBean (types: org.apache.camel.component.seda.SedaComponent; SearchStrategy: all) did not find any beans (OnBeanCondition)

   SerializationDataFormatAutoConfiguration matched:
      - camel.dataformat.serialization enabled (SerializationDataFormatAutoConfiguration.GroupConditions)
      - AllNestedConditions 2 matched 0 did not; NestedCondition on ConditionalOnCamelContextAndAutoConfigurationBeans.OnCamelAutoConfiguration @ConditionalOnBean (types: org.apache.camel.spring.boot.CamelAutoConfiguration; SearchStrategy: all) found bean &apos;org.apache.camel.spring.boot.CamelAutoConfiguration&apos;; NestedCondition on ConditionalOnCamelContextAndAutoConfigurationBeans.OnCamelContext @ConditionalOnBean (types: org.apache.camel.CamelContext; SearchStrategy: all) found bean &apos;camelContext&apos; (ConditionalOnCamelContextAndAutoConfigurationBeans)

   SerializationDataFormatAutoConfiguration#configureSerializationDataFormatFactory matched:
      - @ConditionalOnMissingBean (types: org.apache.camel.impl.SerializationDataFormat; SearchStrategy: all) did not find any beans (OnBeanCondition)

   SimpleCacheConfiguration matched:
      - Cache org.springframework.boot.autoconfigure.cache.SimpleCacheConfiguration automatic cache type (CacheCondition)

   SimpleLanguageAutoConfiguration matched:
      - camel.component.simple enabled (SimpleLanguageAutoConfiguration.GroupConditions)
      - AllNestedConditions 2 matched 0 did not; NestedCondition on ConditionalOnCamelContextAndAutoConfigurationBeans.OnCamelAutoConfiguration @ConditionalOnBean (types: org.apache.camel.spring.boot.CamelAutoConfiguration; SearchStrategy: all) found bean &apos;org.apache.camel.spring.boot.CamelAutoConfiguration&apos;; NestedCondition on ConditionalOnCamelContextAndAutoConfigurationBeans.OnCamelContext @ConditionalOnBean (types: org.apache.camel.CamelContext; SearchStrategy: all) found bean &apos;camelContext&apos; (ConditionalOnCamelContextAndAutoConfigurationBeans)

   StringDataFormatAutoConfiguration matched:
      - camel.dataformat.string enabled (StringDataFormatAutoConfiguration.GroupConditions)
      - AllNestedConditions 2 matched 0 did not; NestedCondition on ConditionalOnCamelContextAndAutoConfigurationBeans.OnCamelAutoConfiguration @ConditionalOnBean (types: org.apache.camel.spring.boot.CamelAutoConfiguration; SearchStrategy: all) found bean &apos;org.apache.camel.spring.boot.CamelAutoConfiguration&apos;; NestedCondition on ConditionalOnCamelContextAndAutoConfigurationBeans.OnCamelContext @ConditionalOnBean (types: org.apache.camel.CamelContext; SearchStrategy: all) found bean &apos;camelContext&apos; (ConditionalOnCamelContextAndAutoConfigurationBeans)

   StringDataFormatAutoConfiguration#configureStringDataFormatFactory matched:
      - @ConditionalOnMissingBean (types: org.apache.camel.impl.StringDataFormat; SearchStrategy: all) did not find any beans (OnBeanCondition)

   StubComponentAutoConfiguration matched:
      - camel.component.stub enabled (StubComponentAutoConfiguration.GroupConditions)
      - AllNestedConditions 2 matched 0 did not; NestedCondition on ConditionalOnCamelContextAndAutoConfigurationBeans.OnCamelAutoConfiguration @ConditionalOnBean (types: org.apache.camel.spring.boot.CamelAutoConfiguration; SearchStrategy: all) found bean &apos;org.apache.camel.spring.boot.CamelAutoConfiguration&apos;; NestedCondition on ConditionalOnCamelContextAndAutoConfigurationBeans.OnCamelContext @ConditionalOnBean (types: org.apache.camel.CamelContext; SearchStrategy: all) found bean &apos;camelContext&apos; (ConditionalOnCamelContextAndAutoConfigurationBeans)

   StubComponentAutoConfiguration#configureStubComponent matched:
      - @ConditionalOnMissingBean (types: org.apache.camel.component.stub.StubComponent; SearchStrategy: all) did not find any beans (OnBeanCondition)

   TaskExecutionAutoConfiguration matched:
      - @ConditionalOnClass found required class &apos;org.springframework.scheduling.concurrent.ThreadPoolTaskExecutor&apos; (OnClassCondition)

   TaskExecutionAutoConfiguration#applicationTaskExecutor matched:
      - @ConditionalOnMissingBean (types: java.util.concurrent.Executor; SearchStrategy: all) did not find any beans (OnBeanCondition)

   TaskExecutionAutoConfiguration#taskExecutorBuilder matched:
      - @ConditionalOnMissingBean (types: org.springframework.boot.task.TaskExecutorBuilder; SearchStrategy: all) did not find any beans (OnBeanCondition)

   TaskSchedulingAutoConfiguration matched:
      - @ConditionalOnClass found required class &apos;org.springframework.scheduling.concurrent.ThreadPoolTaskScheduler&apos; (OnClassCondition)

   TaskSchedulingAutoConfiguration#taskSchedulerBuilder matched:
      - @ConditionalOnMissingBean (types: org.springframework.boot.task.TaskSchedulerBuilder; SearchStrategy: all) did not find any beans (OnBeanCondition)

   TestComponentAutoConfiguration matched:
      - camel.component.test enabled (TestComponentAutoConfiguration.GroupConditions)
      - AllNestedConditions 2 matched 0 did not; NestedCondition on ConditionalOnCamelContextAndAutoConfigurationBeans.OnCamelAutoConfiguration @ConditionalOnBean (types: org.apache.camel.spring.boot.CamelAutoConfiguration; SearchStrategy: all) found bean &apos;org.apache.camel.spring.boot.CamelAutoConfiguration&apos;; NestedCondition on ConditionalOnCamelContextAndAutoConfigurationBeans.OnCamelContext @ConditionalOnBean (types: org.apache.camel.CamelContext; SearchStrategy: all) found bean &apos;camelContext&apos; (ConditionalOnCamelContextAndAutoConfigurationBeans)

   TestComponentAutoConfiguration#configureTestComponent matched:
      - @ConditionalOnMissingBean (types: org.apache.camel.component.test.TestComponent; SearchStrategy: all) did not find any beans (OnBeanCondition)

   TimerComponentAutoConfiguration matched:
      - camel.component.timer enabled (TimerComponentAutoConfiguration.GroupConditions)
      - AllNestedConditions 2 matched 0 did not; NestedCondition on ConditionalOnCamelContextAndAutoConfigurationBeans.OnCamelAutoConfiguration @ConditionalOnBean (types: org.apache.camel.spring.boot.CamelAutoConfiguration; SearchStrategy: all) found bean &apos;org.apache.camel.spring.boot.CamelAutoConfiguration&apos;; NestedCondition on ConditionalOnCamelContextAndAutoConfigurationBeans.OnCamelContext @ConditionalOnBean (types: org.apache.camel.CamelContext; SearchStrategy: all) found bean &apos;camelContext&apos; (ConditionalOnCamelContextAndAutoConfigurationBeans)

   TimerComponentAutoConfiguration#configureTimerComponent matched:
      - @ConditionalOnMissingBean (types: org.apache.camel.component.timer.TimerComponent; SearchStrategy: all) did not find any beans (OnBeanCondition)

   TokenizeLanguageAutoConfiguration matched:
      - camel.component.tokenize enabled (TokenizeLanguageAutoConfiguration.GroupConditions)
      - AllNestedConditions 2 matched 0 did not; NestedCondition on ConditionalOnCamelContextAndAutoConfigurationBeans.OnCamelAutoConfiguration @ConditionalOnBean (types: org.apache.camel.spring.boot.CamelAutoConfiguration; SearchStrategy: all) found bean &apos;org.apache.camel.spring.boot.CamelAutoConfiguration&apos;; NestedCondition on ConditionalOnCamelContextAndAutoConfigurationBeans.OnCamelContext @ConditionalOnBean (types: org.apache.camel.CamelContext; SearchStrategy: all) found bean &apos;camelContext&apos; (ConditionalOnCamelContextAndAutoConfigurationBeans)

   TokenizeLanguageAutoConfiguration#configureTokenizeLanguage matched:
      - @ConditionalOnMissingBean (types: org.apache.camel.language.tokenizer.TokenizeLanguage; SearchStrategy: all) did not find any beans (OnBeanCondition)

   TransactionAutoConfiguration matched:
      - @ConditionalOnClass found required class &apos;org.springframework.transaction.PlatformTransactionManager&apos; (OnClassCondition)

   TransactionAutoConfiguration#platformTransactionManagerCustomizers matched:
      - @ConditionalOnMissingBean (types: org.springframework.boot.autoconfigure.transaction.TransactionManagerCustomizers; SearchStrategy: all) did not find any beans (OnBeanCondition)

   TypeConversionConfiguration matched:
      - @ConditionalOnProperty (camel.springboot.type-conversion) matched (OnPropertyCondition)

   TypeConversionConfiguration#defaultCamelConversionService matched:
      - @ConditionalOnMissingBean (types: org.springframework.core.convert.ConversionService; SearchStrategy: all) did not find any beans (OnBeanCondition)

   ValidatorComponentAutoConfiguration matched:
      - camel.component.validator enabled (ValidatorComponentAutoConfiguration.GroupConditions)
      - AllNestedConditions 2 matched 0 did not; NestedCondition on ConditionalOnCamelContextAndAutoConfigurationBeans.OnCamelAutoConfiguration @ConditionalOnBean (types: org.apache.camel.spring.boot.CamelAutoConfiguration; SearchStrategy: all) found bean &apos;org.apache.camel.spring.boot.CamelAutoConfiguration&apos;; NestedCondition on ConditionalOnCamelContextAndAutoConfigurationBeans.OnCamelContext @ConditionalOnBean (types: org.apache.camel.CamelContext; SearchStrategy: all) found bean &apos;camelContext&apos; (ConditionalOnCamelContextAndAutoConfigurationBeans)

   ValidatorComponentAutoConfiguration#configureValidatorComponent matched:
      - @ConditionalOnMissingBean (types: org.apache.camel.component.validator.ValidatorComponent; SearchStrategy: all) did not find any beans (OnBeanCondition)

   VmComponentAutoConfiguration matched:
      - camel.component.vm enabled (VmComponentAutoConfiguration.GroupConditions)
      - AllNestedConditions 2 matched 0 did not; NestedCondition on ConditionalOnCamelContextAndAutoConfigurationBeans.OnCamelAutoConfiguration @ConditionalOnBean (types: org.apache.camel.spring.boot.CamelAutoConfiguration; SearchStrategy: all) found bean &apos;org.apache.camel.spring.boot.CamelAutoConfiguration&apos;; NestedCondition on ConditionalOnCamelContextAndAutoConfigurationBeans.OnCamelContext @ConditionalOnBean (types: org.apache.camel.CamelContext; SearchStrategy: all) found bean &apos;camelContext&apos; (ConditionalOnCamelContextAndAutoConfigurationBeans)

   XMLTokenizeLanguageAutoConfiguration matched:
      - camel.component.xtokenize enabled (XMLTokenizeLanguageAutoConfiguration.GroupConditions)
      - AllNestedConditions 2 matched 0 did not; NestedCondition on ConditionalOnCamelContextAndAutoConfigurationBeans.OnCamelAutoConfiguration @ConditionalOnBean (types: org.apache.camel.spring.boot.CamelAutoConfiguration; SearchStrategy: all) found bean &apos;org.apache.camel.spring.boot.CamelAutoConfiguration&apos;; NestedCondition on ConditionalOnCamelContextAndAutoConfigurationBeans.OnCamelContext @ConditionalOnBean (types: org.apache.camel.CamelContext; SearchStrategy: all) found bean &apos;camelContext&apos; (ConditionalOnCamelContextAndAutoConfigurationBeans)

   XMLTokenizeLanguageAutoConfiguration#configureXMLTokenizeLanguage matched:
      - @ConditionalOnMissingBean (types: org.apache.camel.language.tokenizer.XMLTokenizeLanguage; SearchStrategy: all) did not find any beans (OnBeanCondition)

   XPathLanguageAutoConfiguration matched:
      - camel.component.xpath enabled (XPathLanguageAutoConfiguration.GroupConditions)
      - AllNestedConditions 2 matched 0 did not; NestedCondition on ConditionalOnCamelContextAndAutoConfigurationBeans.OnCamelAutoConfiguration @ConditionalOnBean (types: org.apache.camel.spring.boot.CamelAutoConfiguration; SearchStrategy: all) found bean &apos;org.apache.camel.spring.boot.CamelAutoConfiguration&apos;; NestedCondition on ConditionalOnCamelContextAndAutoConfigurationBeans.OnCamelContext @ConditionalOnBean (types: org.apache.camel.CamelContext; SearchStrategy: all) found bean &apos;camelContext&apos; (ConditionalOnCamelContextAndAutoConfigurationBeans)

   XPathLanguageAutoConfiguration#configureXPathLanguage matched:
      - @ConditionalOnMissingBean (types: org.apache.camel.language.xpath.XPathLanguage; SearchStrategy: all) did not find any beans (OnBeanCondition)

   XsltComponentAutoConfiguration matched:
      - camel.component.xslt enabled (XsltComponentAutoConfiguration.GroupConditions)
      - AllNestedConditions 2 matched 0 did not; NestedCondition on ConditionalOnCamelContextAndAutoConfigurationBeans.OnCamelAutoConfiguration @ConditionalOnBean (types: org.apache.camel.spring.boot.CamelAutoConfiguration; SearchStrategy: all) found bean &apos;org.apache.camel.spring.boot.CamelAutoConfiguration&apos;; NestedCondition on ConditionalOnCamelContextAndAutoConfigurationBeans.OnCamelContext @ConditionalOnBean (types: org.apache.camel.CamelContext; SearchStrategy: all) found bean &apos;camelContext&apos; (ConditionalOnCamelContextAndAutoConfigurationBeans)

   XsltComponentAutoConfiguration#configureXsltComponent matched:
      - @ConditionalOnMissingBean (types: org.apache.camel.component.xslt.XsltComponent; SearchStrategy: all) did not find any beans (OnBeanCondition)

   ZipDataFormatAutoConfiguration matched:
      - camel.dataformat.zip enabled (ZipDataFormatAutoConfiguration.GroupConditions)
      - AllNestedConditions 2 matched 0 did not; NestedCondition on ConditionalOnCamelContextAndAutoConfigurationBeans.OnCamelAutoConfiguration @ConditionalOnBean (types: org.apache.camel.spring.boot.CamelAutoConfiguration; SearchStrategy: all) found bean &apos;org.apache.camel.spring.boot.CamelAutoConfiguration&apos;; NestedCondition on ConditionalOnCamelContextAndAutoConfigurationBeans.OnCamelContext @ConditionalOnBean (types: org.apache.camel.CamelContext; SearchStrategy: all) found bean &apos;camelContext&apos; (ConditionalOnCamelContextAndAutoConfigurationBeans)

   ZipDataFormatAutoConfiguration#configureZipDataFormatFactory matched:
      - @ConditionalOnMissingBean (types: org.apache.camel.impl.ZipDataFormat; SearchStrategy: all) did not find any beans (OnBeanCondition)


Negative matches:
-----------------

   ActiveMQAutoConfiguration:
      Did not match:
         - @ConditionalOnClass did not find required class &apos;javax.jms.ConnectionFactory&apos; (OnClassCondition)

   AopAutoConfiguration.AspectJAutoProxyingConfiguration:
      Did not match:
         - @ConditionalOnClass did not find required class &apos;org.aspectj.weaver.Advice&apos; (OnClassCondition)

   ArtemisAutoConfiguration:
      Did not match:
         - @ConditionalOnClass did not find required class &apos;javax.jms.ConnectionFactory&apos; (OnClassCondition)

   BatchAutoConfiguration:
      Did not match:
         - @ConditionalOnClass did not find required class &apos;org.springframework.batch.core.launch.JobLauncher&apos; (OnClassCondition)

   CacheAutoConfiguration:
      Did not match:
         - @ConditionalOnBean (types: org.springframework.cache.interceptor.CacheAspectSupport; SearchStrategy: all) did not find any beans of type org.springframework.cache.interceptor.CacheAspectSupport (OnBeanCondition)
      Matched:
         - @ConditionalOnClass found required class &apos;org.springframework.cache.CacheManager&apos; (OnClassCondition)

   CacheAutoConfiguration.CacheManagerEntityManagerFactoryDependsOnPostProcessor:
      Did not match:
         - @ConditionalOnClass did not find required class &apos;org.springframework.orm.jpa.LocalContainerEntityManagerFactoryBean&apos; (OnClassCondition)
         - Ancestor org.springframework.boot.autoconfigure.cache.CacheAutoConfiguration did not match (ConditionEvaluationReport.AncestorsMatchedCondition)

   CaffeineCacheConfiguration:
      Did not match:
         - @ConditionalOnClass did not find required class &apos;com.github.benmanes.caffeine.cache.Caffeine&apos; (OnClassCondition)

   CamelHealthAutoConfiguration:
      Did not match:
         - @ConditionalOnClass did not find required class &apos;org.springframework.boot.actuate.health.HealthIndicator&apos; (OnClassCondition)

   CamelInfoAutoConfiguration:
      Did not match:
         - @ConditionalOnClass did not find required class &apos;org.springframework.boot.actuate.info.InfoContributor&apos; (OnClassCondition)

   CamelRouteControllerEndpointAutoConfiguration#routeControllerEndpoint:
      Did not match:
         - @ConditionalOnProperty (management.endpoint.camelroutecontroller.enabled) did not find property &apos;management.endpoint.camelroutecontroller.enabled&apos; (OnPropertyCondition)
      Matched:
         - @ConditionalOnClass found required class &apos;org.apache.camel.CamelContext&apos; (OnClassCondition)

   CamelRoutesEndpointAutoConfiguration#camelEndpoint:
      Did not match:
         - @ConditionalOnProperty (management.endpoint.camelroutes.enabled) did not find property &apos;management.endpoint.camelroutes.enabled&apos; (OnPropertyCondition)
      Matched:
         - @ConditionalOnClass found required class &apos;org.apache.camel.CamelContext&apos; (OnClassCondition)

   CamelSSLAutoConfiguration:
      Did not match:
         - camel.ssl.config not enabled (CamelSSLAutoConfiguration.Condition)

   CassandraAutoConfiguration:
      Did not match:
         - @ConditionalOnClass did not find required class &apos;com.datastax.oss.driver.api.core.CqlSession&apos; (OnClassCondition)

   CassandraDataAutoConfiguration:
      Did not match:
         - @ConditionalOnClass did not find required class &apos;com.datastax.oss.driver.api.core.CqlSession&apos; (OnClassCondition)

   CassandraReactiveDataAutoConfiguration:
      Did not match:
         - @ConditionalOnClass did not find required class &apos;com.datastax.oss.driver.api.core.CqlSession&apos; (OnClassCondition)

   CassandraReactiveRepositoriesAutoConfiguration:
      Did not match:
         - @ConditionalOnClass did not find required class &apos;org.springframework.data.cassandra.ReactiveSession&apos; (OnClassCondition)

   CassandraRepositoriesAutoConfiguration:
      Did not match:
         - @ConditionalOnClass did not find required class &apos;com.datastax.oss.driver.api.core.CqlSession&apos; (OnClassCondition)

   ClientHttpConnectorAutoConfiguration:
      Did not match:
         - @ConditionalOnClass did not find required class &apos;org.springframework.web.reactive.function.client.WebClient&apos; (OnClassCondition)

   ClusteredRouteControllerAutoConfiguration:
      Did not match:
         - @ConditionalOnProperty (camel.clustered.controller.enabled) did not find property &apos;enabled&apos; (OnPropertyCondition)

   CodecsAutoConfiguration:
      Did not match:
         - @ConditionalOnClass did not find required class &apos;org.springframework.http.codec.CodecConfigurer&apos; (OnClassCondition)

   CouchbaseAutoConfiguration:
      Did not match:
         - @ConditionalOnClass did not find required class &apos;com.couchbase.client.java.Cluster&apos; (OnClassCondition)

   CouchbaseCacheConfiguration:
      Did not match:
         - @ConditionalOnClass did not find required class &apos;com.couchbase.client.java.Cluster&apos; (OnClassCondition)

   CouchbaseDataAutoConfiguration:
      Did not match:
         - @ConditionalOnClass did not find required class &apos;com.couchbase.client.java.Bucket&apos; (OnClassCondition)

   CouchbaseReactiveDataAutoConfiguration:
      Did not match:
         - @ConditionalOnClass did not find required class &apos;com.couchbase.client.java.Cluster&apos; (OnClassCondition)

   CouchbaseReactiveRepositoriesAutoConfiguration:
      Did not match:
         - @ConditionalOnClass did not find required class &apos;com.couchbase.client.java.Cluster&apos; (OnClassCondition)

   CouchbaseRepositoriesAutoConfiguration:
      Did not match:
         - @ConditionalOnClass did not find required class &apos;com.couchbase.client.java.Bucket&apos; (OnClassCondition)

   DataSourceAutoConfiguration:
      Did not match:
         - @ConditionalOnClass did not find required class &apos;org.springframework.jdbc.datasource.embedded.EmbeddedDatabaseType&apos; (OnClassCondition)

   DataSourceTransactionManagerAutoConfiguration:
      Did not match:
         - @ConditionalOnClass did not find required class &apos;org.springframework.jdbc.core.JdbcTemplate&apos; (OnClassCondition)

   DispatcherServletAutoConfiguration:
      Did not match:
         - @ConditionalOnClass did not find required class &apos;org.springframework.web.servlet.DispatcherServlet&apos; (OnClassCondition)

   EhCacheCacheConfiguration:
      Did not match:
         - @ConditionalOnClass did not find required class &apos;net.sf.ehcache.Cache&apos; (OnClassCondition)

   ElasticsearchDataAutoConfiguration:
      Did not match:
[...]
      Did not match:
         - @ConditionalOnClass did not find required class &apos;org.influxdb.InfluxDB&apos; (OnClassCondition)

   IntegrationAutoConfiguration:
      Did not match:
         - @ConditionalOnClass did not find required class &apos;org.springframework.integration.config.EnableIntegration&apos; (OnClassCondition)

   JCacheCacheConfiguration:
      Did not match:
         - @ConditionalOnClass did not find required class &apos;javax.cache.Caching&apos; (OnClassCondition)

   JacksonAutoConfiguration:
      Did not match:
         - @ConditionalOnClass did not find required class &apos;com.fasterxml.jackson.databind.ObjectMapper&apos; (OnClassCondition)

   JdbcRepositoriesAutoConfiguration:
      Did not match:
         - @ConditionalOnClass did not find required class &apos;org.springframework.data.jdbc.repository.config.AbstractJdbcConfiguration&apos; (OnClassCondition)

   JdbcTemplateAutoConfiguration:
      Did not match:
         - @ConditionalOnClass did not find required class &apos;org.springframework.jdbc.core.JdbcTemplate&apos; (OnClassCondition)

   JerseyAutoConfiguration:
      Did not match:
         - @ConditionalOnClass did not find required class &apos;org.glassfish.jersey.server.spring.SpringComponentProvider&apos; (OnClassCondition)

   JmsAutoConfiguration:
      Did not match:
         - @ConditionalOnClass did not find required class &apos;javax.jms.Message&apos; (OnClassCondition)

   JmxAutoConfiguration:
      Did not match:
         - @ConditionalOnProperty (spring.jmx.enabled=true) found different value in property &apos;enabled&apos; (OnPropertyCondition)
      Matched:
         - @ConditionalOnClass found required class &apos;org.springframework.jmx.export.MBeanExporter&apos; (OnClassCondition)

   JndiConnectionFactoryAutoConfiguration:
      Did not match:
         - @ConditionalOnClass did not find required class &apos;org.springframework.jms.core.JmsTemplate&apos; (OnClassCondition)

   JndiDataSourceAutoConfiguration:
      Did not match:
         - @ConditionalOnClass did not find required class &apos;org.springframework.jdbc.datasource.embedded.EmbeddedDatabaseType&apos; (OnClassCondition)

   JooqAutoConfiguration:
      Did not match:
         - @ConditionalOnClass did not find required class &apos;org.jooq.DSLContext&apos; (OnClassCondition)

   JpaRepositoriesAutoConfiguration:
      Did not match:
         - @ConditionalOnClass did not find required class &apos;org.springframework.data.jpa.repository.JpaRepository&apos; (OnClassCondition)

   JsonbAutoConfiguration:
      Did not match:
         - @ConditionalOnClass did not find required class &apos;javax.json.bind.Jsonb&apos; (OnClassCondition)

   JtaAutoConfiguration:
      Did not match:
         - @ConditionalOnClass did not find required class &apos;javax.transaction.Transaction&apos; (OnClassCondition)

   KafkaAutoConfiguration:
      Did not match:
         - @ConditionalOnClass did not find required class &apos;org.springframework.kafka.core.KafkaTemplate&apos; (OnClassCondition)

   LdapAutoConfiguration:
      Did not match:
         - @ConditionalOnClass did not find required class &apos;org.springframework.ldap.core.ContextSource&apos; (OnClassCondition)

   LdapRepositoriesAutoConfiguration:
      Did not match:
         - @ConditionalOnClass did not find required class &apos;org.springframework.data.ldap.repository.LdapRepository&apos; (OnClassCondition)

   LiquibaseAutoConfiguration:
      Did not match:
         - @ConditionalOnClass did not find required class &apos;liquibase.change.DatabaseChange&apos; (OnClassCondition)

   MailSenderAutoConfiguration:
      Did not match:
         - @ConditionalOnClass did not find required class &apos;javax.mail.internet.MimeMessage&apos; (OnClassCondition)

   MailSenderValidatorAutoConfiguration:
      Did not match:
         - @ConditionalOnSingleCandidate did not find required type &apos;org.springframework.mail.javamail.JavaMailSenderImpl&apos; (OnBeanCondition)

   MessageSourceAutoConfiguration:
      Did not match:
         - ResourceBundle did not find bundle with basename messages (MessageSourceAutoConfiguration.ResourceBundleCondition)

   MongoAutoConfiguration:
      Did not match:
         - @ConditionalOnClass did not find required class &apos;com.mongodb.client.MongoClient&apos; (OnClassCondition)

   MongoDataAutoConfiguration:
      Did not match:
         - @ConditionalOnClass did not find required class &apos;com.mongodb.client.MongoClient&apos; (OnClassCondition)

   MongoReactiveAutoConfiguration:
      Did not match:
         - @ConditionalOnClass did not find required class &apos;com.mongodb.reactivestreams.client.MongoClient&apos; (OnClassCondition)

   MongoReactiveDataAutoConfiguration:
      Did not match:
         - @ConditionalOnClass did not find required class &apos;com.mongodb.reactivestreams.client.MongoClient&apos; (OnClassCondition)

   MongoReactiveRepositoriesAutoConfiguration:
      Did not match:
         - @ConditionalOnClass did not find required class &apos;com.mongodb.reactivestreams.client.MongoClient&apos; (OnClassCondition)

   MongoRepositoriesAutoConfiguration:
      Did not match:
         - @ConditionalOnClass did not find required class &apos;com.mongodb.client.MongoClient&apos; (OnClassCondition)

   MultipartAutoConfiguration:
      Did not match:
         - @ConditionalOnClass did not find required class &apos;org.springframework.web.multipart.support.StandardServletMultipartResolver&apos; (OnClassCondition)

   MustacheAutoConfiguration:
      Did not match:
         - @ConditionalOnClass did not find required class &apos;com.samskivert.mustache.Mustache&apos; (OnClassCondition)

   Neo4jDataAutoConfiguration:
      Did not match:
         - @ConditionalOnClass did not find required class &apos;org.neo4j.ogm.session.SessionFactory&apos; (OnClassCondition)

   Neo4jRepositoriesAutoConfiguration:
      Did not match:
         - @ConditionalOnClass did not find required class &apos;org.neo4j.ogm.session.Neo4jSession&apos; (OnClassCondition)

   OAuth2ClientAutoConfiguration:
      Did not match:
         - @ConditionalOnClass did not find required class &apos;org.springframework.security.config.annotation.web.configuration.EnableWebSecurity&apos; (OnClassCondition)

   OAuth2ResourceServerAutoConfiguration:
      Did not match:
         - @ConditionalOnClass did not find required class &apos;org.springframework.security.oauth2.server.resource.BearerTokenAuthenticationToken&apos; (OnClassCondition)

   ProjectInfoAutoConfiguration#buildProperties:
      Did not match:
         - @ConditionalOnResource did not find resource &apos;${spring.info.build.location:classpath:META-INF/build-info.properties}&apos; (OnResourceCondition)

   ProjectInfoAutoConfiguration#gitProperties:
      Did not match:
         - GitResource did not find git info at classpath:git.properties (ProjectInfoAutoConfiguration.GitResourceAvailableCondition)

   PropertiesComponentAutoConfiguration#configurePropertiesComponent:
      Did not match:
         - @ConditionalOnMissingBean (types: org.apache.camel.component.properties.PropertiesComponent; SearchStrategy: all) found beans of type &apos;org.apache.camel.component.properties.PropertiesComponent&apos; properties (OnBeanCondition)

   QuartzAutoConfiguration:
      Did not match:
         - @ConditionalOnClass did not find required class &apos;org.quartz.Scheduler&apos; (OnClassCondition)

   R2dbcAutoConfiguration:
      Did not match:
         - @ConditionalOnClass did not find required class &apos;io.r2dbc.spi.ConnectionFactory&apos; (OnClassCondition)

   R2dbcDataAutoConfiguration:
      Did not match:
         - @ConditionalOnClass did not find required class &apos;org.springframework.data.r2dbc.core.DatabaseClient&apos; (OnClassCondition)

   R2dbcRepositoriesAutoConfiguration:
      Did not match:
         - @ConditionalOnClass did not find required class &apos;io.r2dbc.spi.ConnectionFactory&apos; (OnClassCondition)

   R2dbcTransactionManagerAutoConfiguration:
      Did not match:
         - @ConditionalOnClass did not find required class &apos;org.springframework.data.r2dbc.connectionfactory.R2dbcTransactionManager&apos; (OnClassCondition)

   RSocketMessagingAutoConfiguration:
      Did not match:
         - @ConditionalOnClass did not find required class &apos;io.rsocket.RSocketFactory&apos; (OnClassCondition)

   RSocketRequesterAutoConfiguration:
      Did not match:
         - @ConditionalOnClass did not find required class &apos;io.rsocket.RSocketFactory&apos; (OnClassCondition)

   RSocketSecurityAutoConfiguration:
      Did not match:
         - @ConditionalOnClass did not find required class &apos;org.springframework.security.rsocket.core.SecuritySocketAcceptorInterceptor&apos; (OnClassCondition)

   RSocketServerAutoConfiguration:
      Did not match:
         - @ConditionalOnClass did not find required class &apos;io.rsocket.core.RSocketServer&apos; (OnClassCondition)

   RSocketStrategiesAutoConfiguration:
      Did not match:
         - @ConditionalOnClass did not find required class &apos;io.netty.buffer.PooledByteBufAllocator&apos; (OnClassCondition)

   RabbitAutoConfiguration:
      Did not match:
         - @ConditionalOnClass did not find required class &apos;com.rabbitmq.client.Channel&apos; (OnClassCondition)

   ReactiveElasticsearchRepositoriesAutoConfiguration:
      Did not match:
         - @ConditionalOnClass did not find required class &apos;org.springframework.data.elasticsearch.client.reactive.ReactiveElasticsearchClient&apos; (OnClassCondition)

   ReactiveElasticsearchRestClientAutoConfiguration:
      Did not match:
         - @ConditionalOnClass did not find required class &apos;reactor.netty.http.client.HttpClient&apos; (OnClassCondition)

   ReactiveOAuth2ClientAutoConfiguration:
      Did not match:
         - @ConditionalOnClass did not find required class &apos;reactor.core.publisher.Flux&apos; (OnClassCondition)

   ReactiveOAuth2ResourceServerAutoConfiguration:
      Did not match:
         - @ConditionalOnClass did not find required class &apos;org.springframework.security.config.annotation.web.reactive.EnableWebFluxSecurity&apos; (OnClassCondition)

   ReactiveSecurityAutoConfiguration:
      Did not match:
         - @ConditionalOnClass did not find required class &apos;reactor.core.publisher.Flux&apos; (OnClassCondition)

   ReactiveUserDetailsServiceAutoConfiguration:
      Did not match:
         - @ConditionalOnClass did not find required class &apos;org.springframework.security.authentication.ReactiveAuthenticationManager&apos; (OnClassCondition)

   ReactiveWebServerFactoryAutoConfiguration:
      Did not match:
         - @ConditionalOnClass did not find required class &apos;org.springframework.http.ReactiveHttpInputMessage&apos; (OnClassCondition)

   RedisAutoConfiguration:
      Did not match:
         - @ConditionalOnClass did not find required class &apos;org.springframework.data.redis.core.RedisOperations&apos; (OnClassCondition)

   RedisCacheConfiguration:
      Did not match:
         - @ConditionalOnClass did not find required class &apos;org.springframework.data.redis.connection.RedisConnectionFactory&apos; (OnClassCondition)

   RedisReactiveAutoConfiguration:
      Did not match:
         - @ConditionalOnClass did not find required class &apos;reactor.core.publisher.Flux&apos; (OnClassCondition)

   RedisRepositoriesAutoConfiguration:
      Did not match:
         - @ConditionalOnClass did not find required class &apos;org.springframework.data.redis.repository.configuration.EnableRedisRepositories&apos; (OnClassCondition)

   RepositoryRestMvcAutoConfiguration:
      Did not match:
         - @ConditionalOnClass did not find required class &apos;org.springframework.data.rest.webmvc.config.RepositoryRestMvcConfiguration&apos; (OnClassCondition)

   RestTemplateAutoConfiguration:
      Did not match:
         - @ConditionalOnClass did not find required class &apos;org.springframework.web.client.RestTemplate&apos; (OnClassCondition)

   Saml2RelyingPartyAutoConfiguration:
      Did not match:
         - @ConditionalOnClass did not find required class &apos;org.springframework.security.saml2.provider.service.registration.RelyingPartyRegistrationRepository&apos; (OnClassCondition)

   SecurityAutoConfiguration:
      Did not match:
         - @ConditionalOnClass did not find required class &apos;org.springframework.security.authentication.DefaultAuthenticationEventPublisher&apos; (OnClassCondition)

   SecurityFilterAutoConfiguration:
      Did not match:
         - @ConditionalOnClass did not find required class &apos;org.springframework.security.config.http.SessionCreationPolicy&apos; (OnClassCondition)

   SendGridAutoConfiguration:
      Did not match:
         - @ConditionalOnClass did not find required class &apos;com.sendgrid.SendGrid&apos; (OnClassCondition)

   ServletWebServerFactoryAutoConfiguration:
      Did not match:
         - @ConditionalOnWebApplication did not find servlet web application classes (OnWebApplicationCondition)

   SessionAutoConfiguration:
      Did not match:
         - @ConditionalOnClass did not find required class &apos;org.springframework.session.Session&apos; (OnClassCondition)

   SimpleLanguageAutoConfiguration#configureSimpleLanguage:
      Did not match:
         - @ConditionalOnMissingBean (types: org.apache.camel.language.simple.SimpleLanguage; SearchStrategy: all) found beans of type &apos;org.apache.camel.language.simple.SimpleLanguage&apos; file-language (OnBeanCondition)

   SolrAutoConfiguration:
      Did not match:
         - @ConditionalOnClass did not find required class &apos;org.apache.solr.client.solrj.impl.CloudSolrClient&apos; (OnClassCondition)

   SolrRepositoriesAutoConfiguration:
      Did not match:
         - @ConditionalOnClass did not find required class &apos;org.apache.solr.client.solrj.SolrClient&apos; (OnClassCondition)

   SpringApplicationAdminJmxAutoConfiguration:
      Did not match:
         - @ConditionalOnProperty (spring.application.admin.enabled=true) did not find property &apos;enabled&apos; (OnPropertyCondition)

   SpringDataWebAutoConfiguration:
      Did not match:
         - @ConditionalOnClass did not find required class &apos;org.springframework.data.web.PageableHandlerMethodArgumentResolver&apos; (OnClassCondition)

   SupervisingRouteControllerAutoConfiguration:
      Did not match:
         - @ConditionalOnProperty (camel.supervising.controller.enabled) did not find property &apos;enabled&apos; (OnPropertyCondition)

   TaskSchedulingAutoConfiguration#taskScheduler:
      Did not match:
         - @ConditionalOnBean (names: org.springframework.context.annotation.internalScheduledAnnotationProcessor; SearchStrategy: all) did not find any beans named org.springframework.context.annotation.internalScheduledAnnotationProcessor (OnBeanCondition)

   ThymeleafAutoConfiguration:
      Did not match:
         - @ConditionalOnClass did not find required class &apos;org.thymeleaf.spring5.SpringTemplateEngine&apos; (OnClassCondition)

   TransactionAutoConfiguration#transactionalOperator:
      Did not match:
         - @ConditionalOnSingleCandidate (types: org.springframework.transaction.ReactiveTransactionManager; SearchStrategy: all) did not find any beans (OnBeanCondition)

   TransactionAutoConfiguration.EnableTransactionManagementConfiguration:
      Did not match:
         - @ConditionalOnBean (types: org.springframework.transaction.TransactionManager; SearchStrategy: all) did not find any beans of type org.springframework.transaction.TransactionManager (OnBeanCondition)

   TransactionAutoConfiguration.EnableTransactionManagementConfiguration.CglibAutoProxyConfiguration:
      Did not match:
         - Ancestor org.springframework.boot.autoconfigure.transaction.TransactionAutoConfiguration$EnableTransactionManagementConfiguration did not match (ConditionEvaluationReport.AncestorsMatchedCondition)
      Matched:
         - @ConditionalOnProperty (spring.aop.proxy-target-class=true) matched (OnPropertyCondition)

   TransactionAutoConfiguration.EnableTransactionManagementConfiguration.JdkDynamicAutoProxyConfiguration:
      Did not match:
         - @ConditionalOnProperty (spring.aop.proxy-target-class=false) did not find property &apos;proxy-target-class&apos; (OnPropertyCondition)
         - Ancestor org.springframework.boot.autoconfigure.transaction.TransactionAutoConfiguration$EnableTransactionManagementConfiguration did not match (ConditionEvaluationReport.AncestorsMatchedCondition)

   TransactionAutoConfiguration.TransactionTemplateConfiguration:
      Did not match:
         - @ConditionalOnSingleCandidate (types: org.springframework.transaction.PlatformTransactionManager; SearchStrategy: all) did not find any beans (OnBeanCondition)

   UserDetailsServiceAutoConfiguration:
      Did not match:
         - @ConditionalOnClass did not find required class &apos;org.springframework.security.authentication.AuthenticationManager&apos; (OnClassCondition)

   ValidationAutoConfiguration:
      Did not match:
         - @ConditionalOnClass did not find required class &apos;javax.validation.executable.ExecutableValidator&apos; (OnClassCondition)

   VmComponentAutoConfiguration#configureVmComponent:
      Did not match:
         - @ConditionalOnMissingBean (types: org.apache.camel.component.vm.VmComponent; SearchStrategy: all) found beans of type &apos;org.apache.camel.component.vm.VmComponent&apos; stub-component (OnBeanCondition)

   WebClientAutoConfiguration:
      Did not match:
         - @ConditionalOnClass did not find required class &apos;org.springframework.web.reactive.function.client.WebClient&apos; (OnClassCondition)

   WebFluxAutoConfiguration:
      Did not match:
         - @ConditionalOnClass did not find required class &apos;org.springframework.web.reactive.config.WebFluxConfigurer&apos; (OnClassCondition)

   WebMvcAutoConfiguration:
      Did not match:
         - @ConditionalOnClass did not find required class &apos;org.springframework.web.servlet.config.annotation.WebMvcConfigurer&apos; (OnClassCondition)

   WebServiceTemplateAutoConfiguration:
      Did not match:
         - @ConditionalOnClass did not find required class &apos;org.springframework.oxm.Marshaller&apos; (OnClassCondition)

   WebServicesAutoConfiguration:
      Did not match:
         - @ConditionalOnClass did not find required class &apos;org.springframework.ws.transport.http.MessageDispatcherServlet&apos; (OnClassCondition)

   WebSocketMessagingAutoConfiguration:
      Did not match:
         - @ConditionalOnClass did not find required class &apos;org.springframework.web.socket.config.annotation.WebSocketMessageBrokerConfigurer&apos; (OnClassCondition)

   WebSocketReactiveAutoConfiguration:
      Did not match:
         - @ConditionalOnClass did not find required class &apos;javax.websocket.server.ServerContainer&apos; (OnClassCondition)

   WebSocketServletAutoConfiguration:
      Did not match:
         - @ConditionalOnClass did not find required class &apos;javax.websocket.server.ServerContainer&apos; (OnClassCondition)

   XADataSourceAutoConfiguration:
      Did not match:
         - @ConditionalOnClass did not find required class &apos;javax.transaction.TransactionManager&apos; (OnClassCondition)


Exclusions:
-----------

    None


Unconditional classes:
----------------------

    org.apache.camel.spring.boot.CamelAutoConfiguration

    org.springframework.boot.autoconfigure.context.ConfigurationPropertiesAutoConfiguration

    org.springframework.boot.autoconfigure.context.PropertyPlaceholderAutoConfiguration

    org.springframework.boot.autoconfigure.context.LifecycleAutoConfiguration

    org.springframework.boot.autoconfigure.availability.ApplicationAvailabilityAutoConfiguration

    org.springframework.boot.autoconfigure.info.ProjectInfoAutoConfiguration



</system-err>
  </testcase>
</testsuite>